<?xml version="1.0" encoding="utf-8"?>
<TestRun id="7db16da7-79da-484b-a5fc-24bb791ad73c" name="Thomas@BIGBOSS 2026-09-16 23:13:54" runUser="BIGBOSS\Thomas" xmlns="http://microsoft.com/schemas/VisualStudio/TeamTest/2010">
  <Times creation="2026-09-16T23:13:54.4304208+02:00" queuing="2026-09-16T23:13:54.4304212+02:00" start="2026-09-16T23:13:53.9527459+02:00" finish="2026-09-16T23:13:55.3636874+02:00" />
  <TestSettings name="default" id="2ab7e5f3-45be-45f0-8f25-5eb897c728f1">
    <Deployment runDeploymentRoot="Thomas_BIGBOSS_2026-09-16_23_13_54" />
  </TestSettings>
  <Results>
    <UnitTestResult executionId="32b687f1-e71b-4984-ad4c-ae495c24cd10" testId="42724677-1688-535d-3860-c087a962b644" testName="BestiaBehemothClient.Tests.ChunkBandsTest.ASeaBedIsMarkedEvenThoughOccupancyDoesNotChange" computerName="BIGBOSS" duration="00:00:00.0020866" startTime="2026-09-16T23:13:54.4025085+02:00" endTime="2026-09-16T23:13:54.4025085+02:00" testType="13cdc9d9-ddb5-4fa4-a97d-d965ccfc6d4b" outcome="Passed" testListId="8c84fa94-04c1-424b-9868-57a2d4851a1d" relativeResultsDirectory="32b687f1-e71b-4984-ad4c-ae495c24cd10" />
    <UnitTestResult executionId="77312fb3-ad08-41ce-8b6b-471ad0ea0fbf" testId="378b6116-0fdb-4292-8555-a17c23444039" testName="BestiaBehemothClient.Tests.EnumNameTest.SplitsAtCaseBoundaries(value: AddSlot, expected: &quot;add_slot&quot;)" computerName="BIGBOSS" duration="00:00:00.0037268" startTime="2026-09-16T23:13:54.3721892+02:00" endTime="2026-09-16T23:13:54.3721895+02:00" testType="13cdc9d9-ddb5-4fa4-a97d-d965ccfc6d4b" outcome="Passed" testListId="8c84fa94-04c1-424b-9868-57a2d4851a1d" relativeResultsDirectory="77312fb3-ad08-41ce-8b6b-471ad0ea0fbf" />
    <UnitTestResult executionId="9215cc04-39f2-4a1f-97e2-38b190bfc9ed" testId="6864123b-1a59-6614-5fae-07adeacd8c52" testName="BestiaBehemothClient.Tests.NetLogTest.A_window_nothing_arrived_in_says_nothing" computerName="BIGBOSS" duration="00:00:00.0001267" startTime="2026-09-16T23:13:54.5202193+02:00" endTime="2026-09-16T23:13:54.5202193+02:00" testType="13cdc9d9-ddb5-4fa4-a97d-d965ccfc6d4b" outcome="Passed" testListId="8c84fa94-04c1-424b-9868-57a2d4851a1d" relativeResultsDirectory="9215cc04-39f2-4a1f-97e2-38b190bfc9ed" />
    <UnitTestResult executionId="bf2f17b5-36d7-40fd-a1d3-ab36fe83c04e" testId="75bc243b-a5cd-bc4e-bcda-67b8fe73e562" testName="BestiaBehemothClient.Tests.ChunkWrapTest.A_wrap_without_an_extent_is_inert" computerName="BIGBOSS" duration="00:00:00.0110019" startTime="2026-09-16T23:13:54.3723833+02:00" endTime="2026-09-16T23:13:54.3723833+02:00" testType="13cdc9d9-ddb5-4fa4-a97d-d965ccfc6d4b" outcome="Passed" testListId="8c84fa94-04c1-424b-9868-57a2d4851a1d" relativeResultsDirectory="bf2f17b5-36d7-40fd-a1d3-ab36fe83c04e" />
    <UnitTestResult executionId="7d522822-88e5-4482-9599-8d5efbc77841" testId="bc619fb7-3959-4db9-3685-7514ded4e0c1" testName="BestiaBehemothClient.Tests.WindSmoothingTest.TheBearingTurnsTheShortWayRound" computerName="BIGBOSS" duration="00:00:00.0054674" startTime="2026-09-16T23:13:54.4037880+02:00" endTime="2026-09-16T23:13:54.4037881+02:00" testType="13cdc9d9-ddb5-4fa4-a97d-d965ccfc6d4b" outcome="Passed" testListId="8c84fa94-04c1-424b-9868-57a2d4851a1d" relativeResultsDirectory="7d522822-88e5-4482-9599-8d5efbc77841" />
    <UnitTestResult executionId="b334cb1e-d9e6-4c92-9a1e-0f22069a6b71" testId="7c209edb-18e3-a499-7cbc-32c13c30b4d2" testName="BestiaBehemothClient.Tests.GrassLodTest.TheRevealedCoverageMatchesTheBlades" computerName="BIGBOSS" duration="00:00:00.0016293" startTime="2026-09-16T23:13:54.4024281+02:00" endTime="2026-09-16T23:13:54.4024282+02:00" testType="13cdc9d9-ddb5-4fa4-a97d-d965ccfc6d4b" outcome="Passed" testListId="8c84fa94-04c1-424b-9868-57a2d4851a1d" relativeResultsDirectory="b334cb1e-d9e6-4c92-9a1e-0f22069a6b71" />
    <UnitTestResult executionId="13748ef3-b489-4e93-8f9c-196e1c5c6b84" testId="2ccb2838-56fd-11bd-dc8e-2a1b69ba459a" testName="BestiaBehemothClient.Tests.GrassLodTest.GrassUnderThePlayerSurvivesFullZoomOnlyWhenMeasuredFromThem" computerName="BIGBOSS" duration="00:00:00.0003732" startTime="2026-09-16T23:13:54.4003235+02:00" endTime="2026-09-16T23:13:54.4003236+02:00" testType="13cdc9d9-ddb5-4fa4-a97d-d965ccfc6d4b" outcome="Passed" testListId="8c84fa94-04c1-424b-9868-57a2d4851a1d" relativeResultsDirectory="13748ef3-b489-4e93-8f9c-196e1c5c6b84" />
    <UnitTestResult executionId="79ad4d25-f005-4d33-8ed1-aac880a2423c" testId="7c74139d-252b-f47c-232a-cdfc34613d40" testName="BestiaBehemothClient.Tests.SurfaceNetsTest.ReconstructsFractionalSurfaceElevation(surface: 40,299999999999997)" computerName="BIGBOSS" duration="00:00:00.0070279" startTime="2026-09-16T23:13:54.4639171+02:00" endTime="2026-09-16T23:13:54.4639175+02:00" testType="13cdc9d9-ddb5-4fa4-a97d-d965ccfc6d4b" outcome="Passed" testListId="8c84fa94-04c1-424b-9868-57a2d4851a1d" relativeResultsDirectory="79ad4d25-f005-4d33-8ed1-aac880a2423c" />
    <UnitTestResult executionId="043c102a-3132-4471-8f79-cfd78f099e9a" testId="f795f256-4ead-aca2-ea6e-462700d29dcf" testName="BestiaBehemothClient.Tests.SurfaceNetsTest.OpenOceanDrawsAWaterSurfaceAtSeaLevelAndNoTerrain" computerName="BIGBOSS" duration="00:00:00.0064540" startTime="2026-09-16T23:13:54.6270093+02:00" endTime="2026-09-16T23:13:54.6270096+02:00" testType="13cdc9d9-ddb5-4fa4-a97d-d965ccfc6d4b" outcome="Passed" testListId="8c84fa94-04c1-424b-9868-57a2d4851a1d" relativeResultsDirectory="043c102a-3132-4471-8f79-cfd78f099e9a" />
    <UnitTestResult executionId="98775cf1-5150-4c98-b29f-55b0fea82dcf" testId="1a4a63f0-e9c7-c4ba-6e49-cf7409f09243" testName="BestiaBehemothClient.Tests.DayCycleTest.DaylightIsFullByDayAndZeroAtNight" computerName="BIGBOSS" duration="00:00:00.0001190" startTime="2026-09-16T23:13:54.4047211+02:00" endTime="2026-09-16T23:13:54.4047211+02:00" testType="13cdc9d9-ddb5-4fa4-a97d-d965ccfc6d4b" outcome="Passed" testListId="8c84fa94-04c1-424b-9868-57a2d4851a1d" relativeResultsDirectory="98775cf1-5150-4c98-b29f-55b0fea82dcf" />
    <UnitTestResult executionId="76395fe5-2341-49fc-a88d-f8b269c62800" testId="3897ac9e-083d-059b-b9cc-a3b692bec605" testName="BestiaBehemothClient.Tests.GrassLodTest.HalfStrengthSitsBetweenTheTwo" computerName="BIGBOSS" duration="00:00:00.0002160" startTime="2026-09-16T23:13:54.4043235+02:00" endTime="2026-09-16T23:13:54.4043235+02:00" testType="13cdc9d9-ddb5-4fa4-a97d-d965ccfc6d4b" outcome="Passed" testListId="8c84fa94-04c1-424b-9868-57a2d4851a1d" relativeResultsDirectory="76395fe5-2341-49fc-a88d-f8b269c62800" />
    <UnitTestResult executionId="b8bd2820-97fa-49bc-8ad3-f6481df1bc0f" testId="41d0c3a3-7421-3344-cb23-e769cec431ff" testName="BestiaBehemothClient.Tests.EnumNameTest.SplitsAtCaseBoundaries(value: BasicSkillChatLocked, expected: &quot;basic_skill_chat_locked&quot;)" computerName="BIGBOSS" duration="00:00:00.0001600" startTime="2026-09-16T23:13:54.3994622+02:00" endTime="2026-09-16T23:13:54.3994625+02:00" testType="13cdc9d9-ddb5-4fa4-a97d-d965ccfc6d4b" outcome="Passed" testListId="8c84fa94-04c1-424b-9868-57a2d4851a1d" relativeResultsDirectory="b8bd2820-97fa-49bc-8ad3-f6481df1bc0f" />
    <UnitTestResult executionId="101a7235-2741-4194-98db-c65debd2c9b5" testId="c35e8c28-53c8-d3ba-5f2c-8cf7d040762a" testName="BestiaBehemothClient.Tests.GrassLodTest.TheTrimBringsTheFieldInsideItsBudget" computerName="BIGBOSS" duration="00:00:00.0001410" startTime="2026-09-16T23:13:54.4032873+02:00" endTime="2026-09-16T23:13:54.4032873+02:00" testType="13cdc9d9-ddb5-4fa4-a97d-d965ccfc6d4b" outcome="Passed" testListId="8c84fa94-04c1-424b-9868-57a2d4851a1d" relativeResultsDirectory="101a7235-2741-4194-98db-c65debd2c9b5" />
    <UnitTestResult executionId="1f83d579-40bd-46eb-9fef-74328f29c3cf" testId="b35f1d1d-49a9-3cc3-3910-b43cb0e39ce7" testName="BestiaBehemothClient.Tests.CarveVisibilityTest.ASphereAboveTheFloorDrawsAtRoughlyTwiceItsRadius(radius: 1,3, atLeast: 1)" computerName="BIGBOSS" duration="00:00:00.0157517" startTime="2026-09-16T23:13:54.4054557+02:00" endTime="2026-09-16T23:13:54.4054557+02:00" testType="13cdc9d9-ddb5-4fa4-a97d-d965ccfc6d4b" outcome="Passed" testListId="8c84fa94-04c1-424b-9868-57a2d4851a1d" relativeResultsDirectory="1f83d579-40bd-46eb-9fef-74328f29c3cf" />
    <UnitTestResult executionId="2e0c1653-3fab-4d4e-ba9b-2e765d1921b8" testId="f96ec7b4-32a7-cc37-e3e2-e53be6b7cef3" testName="BestiaBehemothClient.Tests.SurfaceNetsTest.SurfaceOnAChunkFloorIsDrawnByTheChunkAbove" computerName="BIGBOSS" duration="00:00:00.0067352" startTime="2026-09-16T23:13:54.6204744+02:00" endTime="2026-09-16T23:13:54.6204748+02:00" testType="13cdc9d9-ddb5-4fa4-a97d-d965ccfc6d4b" outcome="Passed" testListId="8c84fa94-04c1-424b-9868-57a2d4851a1d" relativeResultsDirectory="2e0c1653-3fab-4d4e-ba9b-2e765d1921b8" />
    <UnitTestResult executionId="a9c7eb74-bfc4-4ea3-8d50-bc8023933bd4" testId="c19a5a27-86e7-f7f2-4953-06b2bb6b9b6d" testName="BestiaBehemothClient.Tests.SurfaceSlotTest.AGalleryWallNamesItsOwnRock" computerName="BIGBOSS" duration="00:00:00.0131343" startTime="2026-09-16T23:13:54.5688811+02:00" endTime="2026-09-16T23:13:54.5688818+02:00" testType="13cdc9d9-ddb5-4fa4-a97d-d965ccfc6d4b" outcome="Passed" testListId="8c84fa94-04c1-424b-9868-57a2d4851a1d" relativeResultsDirectory="a9c7eb74-bfc4-4ea3-8d50-bc8023933bd4" />
    <UnitTestResult executionId="7f0dad8a-59d8-4edb-9764-62627e9ad704" testId="bdf739be-19c2-0ccf-e973-b8386ea5a87d" testName="BestiaBehemothClient.Tests.MeshThroughputTest.MeshesAViewVolumeWithinBudget" computerName="BIGBOSS" duration="00:00:00.8549848" startTime="2026-09-16T23:13:55.2160576+02:00" endTime="2026-09-16T23:13:55.2160580+02:00" testType="13cdc9d9-ddb5-4fa4-a97d-d965ccfc6d4b" outcome="Failed" testListId="8c84fa94-04c1-424b-9868-57a2d4851a1d" relativeResultsDirectory="7f0dad8a-59d8-4edb-9764-62627e9ad704">
      <Output>
        <StdOut>view volume: 121 chunks, 121 with geometry&#xD;
single-threaded total 667,2 ms, 5,51 ms per meshed chunk&#xD;
476976 triangles for the whole view</StdOut>
        <ErrorInfo>
          <Message>5,51 ms per chunk is well past the expected ~2 ms</Message>
          <StackTrace>   at BestiaBehemothClient.Tests.MeshThroughputTest.MeshesAViewVolumeWithinBudget() in C:\Users\Thomas\workspace\bestia-behemoth\bestia-client\tests\BestiaClient.Tests\MeshThroughputTest.cs:line 98&#xD;
   at System.RuntimeMethodHandle.InvokeMethod(Object target, Void** arguments, Signature sig, Boolean isConstructor)&#xD;
   at System.Reflection.MethodBaseInvoker.InvokeWithNoArgs(Object obj, BindingFlags invokeAttr)</StackTrace>
        </ErrorInfo>
      </Output>
    </UnitTestResult>
    <UnitTestResult executionId="f9db7aaa-02b4-4aed-b0f7-d9ff7ed8b932" testId="52e99212-5e5f-c734-b1cb-9b2469e104e0" testName="BestiaBehemothClient.Tests.GrassLodTest.GroundAheadIsCountedAndGroundBehindIsNot" computerName="BIGBOSS" duration="00:00:00.0005862" startTime="2026-09-16T23:13:54.4012966+02:00" endTime="2026-09-16T23:13:54.4012967+02:00" testType="13cdc9d9-ddb5-4fa4-a97d-d965ccfc6d4b" outcome="Passed" testListId="8c84fa94-04c1-424b-9868-57a2d4851a1d" relativeResultsDirectory="f9db7aaa-02b4-4aed-b0f7-d9ff7ed8b932" />
    <UnitTestResult executionId="d8f2aa5b-761d-4ef5-abeb-bc334f73ef47" testId="437c7bc1-6005-396a-9c7e-32c2efc76808" testName="BestiaBehemothClient.Tests.SurfaceSlotTest.SubmergedGroundTakesItsCapThroughTheWaterAboveIt" computerName="BIGBOSS" duration="00:00:00.0217030" startTime="2026-09-16T23:13:54.6640963+02:00" endTime="2026-09-16T23:13:54.6640967+02:00" testType="13cdc9d9-ddb5-4fa4-a97d-d965ccfc6d4b" outcome="Passed" testListId="8c84fa94-04c1-424b-9868-57a2d4851a1d" relativeResultsDirectory="d8f2aa5b-761d-4ef5-abeb-bc334f73ef47" />
    <UnitTestResult executionId="b0906f1b-2ee4-4808-b08b-ce9023282b8a" testId="4d5254f5-e49d-eee5-3af1-d120344dfa1e" testName="BestiaBehemothClient.Tests.ChunkWrapTest.One_past_the_eastern_edge_comes_back_from_the_west" computerName="BIGBOSS" duration="00:00:00.0002006" startTime="2026-09-16T23:13:54.4010977+02:00" endTime="2026-09-16T23:13:54.4010978+02:00" testType="13cdc9d9-ddb5-4fa4-a97d-d965ccfc6d4b" outcome="Passed" testListId="8c84fa94-04c1-424b-9868-57a2d4851a1d" relativeResultsDirectory="b0906f1b-2ee4-4808-b08b-ce9023282b8a" />
    <UnitTestResult executionId="fe2f0deb-ea3e-4929-922c-693db7809a53" testId="0481c960-1179-0210-db39-9e9ef7e548b6" testName="BestiaBehemothClient.Tests.GrassLodTest.TheRevealIsAPrefix" computerName="BIGBOSS" duration="00:00:00.0014139" startTime="2026-09-16T23:13:54.4039134+02:00" endTime="2026-09-16T23:13:54.4039134+02:00" testType="13cdc9d9-ddb5-4fa4-a97d-d965ccfc6d4b" outcome="Passed" testListId="8c84fa94-04c1-424b-9868-57a2d4851a1d" relativeResultsDirectory="fe2f0deb-ea3e-4929-922c-693db7809a53" />
    <UnitTestResult executionId="9c46c4ad-b3d4-4737-a4d4-0f50749760af" testId="413d673e-98f1-5de0-be91-45fad1621b24" testName="BestiaBehemothClient.Tests.SurfaceNetsTest.ReconstructsFractionalSurfaceElevation(surface: 40,100000000000001)" computerName="BIGBOSS" duration="00:00:00.0074552" startTime="2026-09-16T23:13:54.4714854+02:00" endTime="2026-09-16T23:13:54.4714859+02:00" testType="13cdc9d9-ddb5-4fa4-a97d-d965ccfc6d4b" outcome="Passed" testListId="8c84fa94-04c1-424b-9868-57a2d4851a1d" relativeResultsDirectory="9c46c4ad-b3d4-4737-a4d4-0f50749760af" />
    <UnitTestResult executionId="78e95a05-2f11-431c-9f0a-a7cb48ccb14b" testId="fde32d35-be59-4624-a251-1261eb17b404" testName="BestiaBehemothClient.Tests.SurfaceProbeTest.GivesUpWhenNothingIsWithinReachOfTheHint" computerName="BIGBOSS" duration="00:00:00.0118431" startTime="2026-09-16T23:13:54.4059886+02:00" endTime="2026-09-16T23:13:54.4059886+02:00" testType="13cdc9d9-ddb5-4fa4-a97d-d965ccfc6d4b" outcome="Passed" testListId="8c84fa94-04c1-424b-9868-57a2d4851a1d" relativeResultsDirectory="78e95a05-2f11-431c-9f0a-a7cb48ccb14b" />
    <UnitTestResult executionId="5353f096-3761-4413-800a-5da6437e6302" testId="e45f2758-dea4-5344-30d2-4a8de090cf0e" testName="BestiaBehemothClient.Tests.SurfaceNetsTest.FlatGroundShadingNormalsPointUp" computerName="BIGBOSS" duration="00:00:00.0054842" startTime="2026-09-16T23:13:54.5615822+02:00" endTime="2026-09-16T23:13:54.5615826+02:00" testType="13cdc9d9-ddb5-4fa4-a97d-d965ccfc6d4b" outcome="Passed" testListId="8c84fa94-04c1-424b-9868-57a2d4851a1d" relativeResultsDirectory="5353f096-3761-4413-800a-5da6437e6302" />
    <UnitTestResult executionId="597bcffb-dd28-4a94-b28b-0fa65c502bde" testId="d4919218-a820-bb02-c6f1-7b7b9fe3792b" testName="BestiaBehemothClient.Tests.SurfaceNetsTest.ReconstructsFractionalSurfaceElevation(surface: 200,75)" computerName="BIGBOSS" duration="00:00:00.0102074" startTime="2026-09-16T23:13:54.4818030+02:00" endTime="2026-09-16T23:13:54.4818035+02:00" testType="13cdc9d9-ddb5-4fa4-a97d-d965ccfc6d4b" outcome="Passed" testListId="8c84fa94-04c1-424b-9868-57a2d4851a1d" relativeResultsDirectory="597bcffb-dd28-4a94-b28b-0fa65c502bde" />
    <UnitTestResult executionId="d039633f-0934-407a-bff3-d3079832e570" testId="b0ebebe2-1e7a-b7f8-2339-f0e3967b7956" testName="BestiaBehemothClient.Tests.GrassLodTest.AFullCellIsWhollyGrown" computerName="BIGBOSS" duration="00:00:00.0006304" startTime="2026-09-16T23:13:54.4016182+02:00" endTime="2026-09-16T23:13:54.4016182+02:00" testType="13cdc9d9-ddb5-4fa4-a97d-d965ccfc6d4b" outcome="Passed" testListId="8c84fa94-04c1-424b-9868-57a2d4851a1d" relativeResultsDirectory="d039633f-0934-407a-bff3-d3079832e570" />
    <UnitTestResult executionId="b7836a91-5d6c-493b-8c27-3ecb9ed60560" testId="d95680d0-ed33-0cd9-9ea9-83640ca647e0" testName="BestiaBehemothClient.Tests.EnumNameTest.SplitsAtCaseBoundaries(value: CraftSucceeded, expected: &quot;craft_succeeded&quot;)" computerName="BIGBOSS" duration="00:00:00.0000040" startTime="2026-09-16T23:13:54.4001699+02:00" endTime="2026-09-16T23:13:54.4001700+02:00" testType="13cdc9d9-ddb5-4fa4-a97d-d965ccfc6d4b" outcome="Passed" testListId="8c84fa94-04c1-424b-9868-57a2d4851a1d" relativeResultsDirectory="b7836a91-5d6c-493b-8c27-3ecb9ed60560" />
    <UnitTestResult executionId="7a6410b3-0a04-4e59-ab06-d6cb1d273391" testId="9dc4f2ea-a5cf-6851-be47-3be954d68db9" testName="BestiaBehemothClient.Tests.GrassLodTest.SharpeningNeverThinsTheGroundThePlayerStandsOn" computerName="BIGBOSS" duration="00:00:00.0088145" startTime="2026-09-16T23:13:54.4019987+02:00" endTime="2026-09-16T23:13:54.4019988+02:00" testType="13cdc9d9-ddb5-4fa4-a97d-d965ccfc6d4b" outcome="Passed" testListId="8c84fa94-04c1-424b-9868-57a2d4851a1d" relativeResultsDirectory="7a6410b3-0a04-4e59-ab06-d6cb1d273391" />
    <UnitTestResult executionId="cf23fdd2-26fc-4ad7-905a-a7cd59f4db42" testId="115a9818-5687-d676-ac77-29717b8a50f4" testName="BestiaBehemothClient.Tests.NetLogTest.Summary_mode_keeps_single_messages_off_the_console" computerName="BIGBOSS" duration="00:00:00.0001367" startTime="2026-09-16T23:13:54.5203915+02:00" endTime="2026-09-16T23:13:54.5203915+02:00" testType="13cdc9d9-ddb5-4fa4-a97d-d965ccfc6d4b" outcome="Passed" testListId="8c84fa94-04c1-424b-9868-57a2d4851a1d" relativeResultsDirectory="cf23fdd2-26fc-4ad7-905a-a7cd59f4db42" />
    <UnitTestResult executionId="1a69635e-b9f5-40c2-becc-0bb6c95c7706" testId="fd33d627-d2c0-469b-67e9-ba6a4ca10784" testName="BestiaBehemothClient.Tests.GrassLodTest.ACameraWithNoBearingCountsEverything" computerName="BIGBOSS" duration="00:00:00.0002150" startTime="2026-09-16T23:13:54.4010147+02:00" endTime="2026-09-16T23:13:54.4010147+02:00" testType="13cdc9d9-ddb5-4fa4-a97d-d965ccfc6d4b" outcome="Passed" testListId="8c84fa94-04c1-424b-9868-57a2d4851a1d" relativeResultsDirectory="1a69635e-b9f5-40c2-becc-0bb6c95c7706" />
    <UnitTestResult executionId="47d9548b-27e7-42d0-9368-e97ccbab668e" testId="2efed304-d578-fd70-2b3f-af7609b447cc" testName="BestiaBehemothClient.Tests.SurfaceNetsTest.WaterAVoxelDeepOverAShoreIsATopSheetAndNothingElse" computerName="BIGBOSS" duration="00:00:00.0204096" startTime="2026-09-16T23:13:54.6136114+02:00" endTime="2026-09-16T23:13:54.6136119+02:00" testType="13cdc9d9-ddb5-4fa4-a97d-d965ccfc6d4b" outcome="Passed" testListId="8c84fa94-04c1-424b-9868-57a2d4851a1d" relativeResultsDirectory="47d9548b-27e7-42d0-9368-e97ccbab668e" />
    <UnitTestResult executionId="708f22e5-6a05-4995-b28d-f383501b1812" testId="8d80969b-5c8f-a1e8-b209-c187f0790640" testName="BestiaBehemothClient.Tests.DayCycleTest.TheRampsAreHalfLitWhereTheSunCrossesTheHorizon" computerName="BIGBOSS" duration="00:00:00.0001961" startTime="2026-09-16T23:13:54.4046912+02:00" endTime="2026-09-16T23:13:54.4046912+02:00" testType="13cdc9d9-ddb5-4fa4-a97d-d965ccfc6d4b" outcome="Passed" testListId="8c84fa94-04c1-424b-9868-57a2d4851a1d" relativeResultsDirectory="708f22e5-6a05-4995-b28d-f383501b1812" />
    <UnitTestResult executionId="a58a63c9-74a7-4311-9715-83749eda3761" testId="34cad98a-05c5-b2c3-fa2c-a198fa668e17" testName="BestiaBehemothClient.Tests.WeatherLookTest.ReportedCoverOnlyEverAddsToTheFloor" computerName="BIGBOSS" duration="00:00:00.0001147" startTime="2026-09-16T23:13:54.4053330+02:00" endTime="2026-09-16T23:13:54.4053331+02:00" testType="13cdc9d9-ddb5-4fa4-a97d-d965ccfc6d4b" outcome="Passed" testListId="8c84fa94-04c1-424b-9868-57a2d4851a1d" relativeResultsDirectory="a58a63c9-74a7-4311-9715-83749eda3761" />
    <UnitTestResult executionId="60c46b4c-1f38-4ecf-aa1c-1f5d16abcb9a" testId="e7a8b5e2-075f-e920-bd27-142eecb0561e" testName="BestiaBehemothClient.Tests.ChunkBandsTest.FlatTerrainMarksOnlyTheAirInterface" computerName="BIGBOSS" duration="00:00:00.0250936" startTime="2026-09-16T23:13:54.4016512+02:00" endTime="2026-09-16T23:13:54.4016512+02:00" testType="13cdc9d9-ddb5-4fa4-a97d-d965ccfc6d4b" outcome="Passed" testListId="8c84fa94-04c1-424b-9868-57a2d4851a1d" relativeResultsDirectory="60c46b4c-1f38-4ecf-aa1c-1f5d16abcb9a" />
    <UnitTestResult executionId="fe456fd0-4981-4825-8110-3feb71f25f84" testId="8615109e-af87-d254-5fa6-ab7120ceed31" testName="BestiaBehemothClient.Tests.GrassLodTest.CrossingARungDoesNotChangeTheCount" computerName="BIGBOSS" duration="00:00:00.0009291" startTime="2026-09-16T23:13:54.4059679+02:00" endTime="2026-09-16T23:13:54.4059679+02:00" testType="13cdc9d9-ddb5-4fa4-a97d-d965ccfc6d4b" outcome="Passed" testListId="8c84fa94-04c1-424b-9868-57a2d4851a1d" relativeResultsDirectory="fe456fd0-4981-4825-8110-3feb71f25f84" />
    <UnitTestResult executionId="2d863433-d4e1-4bec-8608-dd20678b2c3e" testId="3e8359b5-6157-7a7a-f1e1-99289fd5f67a" testName="BestiaBehemothClient.Tests.GrassLodTest.SharpeningOnlyEverTakesAndTakesMonotonically" computerName="BIGBOSS" duration="00:00:00.0001356" startTime="2026-09-16T23:13:54.4039442+02:00" endTime="2026-09-16T23:13:54.4039442+02:00" testType="13cdc9d9-ddb5-4fa4-a97d-d965ccfc6d4b" outcome="Passed" testListId="8c84fa94-04c1-424b-9868-57a2d4851a1d" relativeResultsDirectory="2d863433-d4e1-4bec-8608-dd20678b2c3e" />
    <UnitTestResult executionId="1831efb5-c449-489e-b0b3-7c5fa9ba089d" testId="4a5bdd35-e0ea-e462-0351-2d371e77189f" testName="BestiaBehemothClient.Tests.SurfaceNetsTest.CaveHasAFloorFacingUpAndACeilingFacingDown" computerName="BIGBOSS" duration="00:00:00.0177355" startTime="2026-09-16T23:13:54.5129601+02:00" endTime="2026-09-16T23:13:54.5129602+02:00" testType="13cdc9d9-ddb5-4fa4-a97d-d965ccfc6d4b" outcome="Passed" testListId="8c84fa94-04c1-424b-9868-57a2d4851a1d" relativeResultsDirectory="1831efb5-c449-489e-b0b3-7c5fa9ba089d" />
    <UnitTestResult executionId="7e1e31d4-0ebc-4261-abc2-730f4dfc4fc6" testId="ed849b1d-9323-d13c-4903-52d81f46c135" testName="BestiaBehemothClient.Tests.CarveVisibilityTest.ASphereBelowTheResolutionFloorDrawsNothing(radius: 1)" computerName="BIGBOSS" duration="00:00:00.0028899" startTime="2026-09-16T23:13:54.4286556+02:00" endTime="2026-09-16T23:13:54.4286561+02:00" testType="13cdc9d9-ddb5-4fa4-a97d-d965ccfc6d4b" outcome="Passed" testListId="8c84fa94-04c1-424b-9868-57a2d4851a1d" relativeResultsDirectory="7e1e31d4-0ebc-4261-abc2-730f4dfc4fc6" />
    <UnitTestResult executionId="e734140a-d49c-4290-8a9f-3aade93dbff5" testId="0825931c-b651-f554-a16c-5301829e2459" testName="BestiaBehemothClient.Tests.SurfaceProbeTest.DeclinesWhereTheNeighbouringChunkIsNotHeld" computerName="BIGBOSS" duration="00:00:00.0006367" startTime="2026-09-16T23:13:54.4060100+02:00" endTime="2026-09-16T23:13:54.4060100+02:00" testType="13cdc9d9-ddb5-4fa4-a97d-d965ccfc6d4b" outcome="Passed" testListId="8c84fa94-04c1-424b-9868-57a2d4851a1d" relativeResultsDirectory="e734140a-d49c-4290-8a9f-3aade93dbff5" />
    <UnitTestResult executionId="6d1f1eea-91bd-4934-b90e-62818960de09" testId="7e1a8772-461f-aa35-1b46-b5cbeb69640c" testName="BestiaBehemothClient.Tests.GrassLodTest.TheBandGrowsWithTheZoomUpToItsCeiling" computerName="BIGBOSS" duration="00:00:00.0000891" startTime="2026-09-16T23:13:54.4056475+02:00" endTime="2026-09-16T23:13:54.4056475+02:00" testType="13cdc9d9-ddb5-4fa4-a97d-d965ccfc6d4b" outcome="Passed" testListId="8c84fa94-04c1-424b-9868-57a2d4851a1d" relativeResultsDirectory="6d1f1eea-91bd-4934-b90e-62818960de09" />
    <UnitTestResult executionId="c7484451-ab5b-42ee-8ef4-54b2ba36311e" testId="eac6ec86-6c99-937a-90f4-37334679ac1b" testName="BestiaBehemothClient.Tests.BlockAppearanceTest.MaterialDrawsFromSlot(id: 19, slot: Neutral)" computerName="BIGBOSS" duration="00:00:00.0001521" startTime="2026-09-16T23:13:54.4005247+02:00" endTime="2026-09-16T23:13:54.4005247+02:00" testType="13cdc9d9-ddb5-4fa4-a97d-d965ccfc6d4b" outcome="Passed" testListId="8c84fa94-04c1-424b-9868-57a2d4851a1d" relativeResultsDirectory="c7484451-ab5b-42ee-8ef4-54b2ba36311e" />
    <UnitTestResult executionId="e01dc278-7f74-4ae8-ac0d-af75da6b026b" testId="46fe8588-c339-ca1f-0474-98684fbf9404" testName="BestiaBehemothClient.Tests.GrassLodTest.TheFractionIsWholeInsideTheFullBandAndGoneOutsideTheFade" computerName="BIGBOSS" duration="00:00:00.0000694" startTime="2026-09-16T23:13:54.4057123+02:00" endTime="2026-09-16T23:13:54.4057124+02:00" testType="13cdc9d9-ddb5-4fa4-a97d-d965ccfc6d4b" outcome="Passed" testListId="8c84fa94-04c1-424b-9868-57a2d4851a1d" relativeResultsDirectory="e01dc278-7f74-4ae8-ac0d-af75da6b026b" />
    <UnitTestResult executionId="d365d148-7117-4769-b62e-fd12ea5a0ca2" testId="2a3874eb-475d-92d0-e51e-c50e0726f4bb" testName="BestiaBehemothClient.Tests.NetLogTest.A_window_leads_with_its_totals_and_the_depth_the_queue_reached" computerName="BIGBOSS" duration="00:00:00.1532572" startTime="2026-09-16T23:13:54.5042168+02:00" endTime="2026-09-16T23:13:54.5042175+02:00" testType="13cdc9d9-ddb5-4fa4-a97d-d965ccfc6d4b" outcome="Passed" testListId="8c84fa94-04c1-424b-9868-57a2d4851a1d" relativeResultsDirectory="d365d148-7117-4769-b62e-fd12ea5a0ca2" />
    <UnitTestResult executionId="190b89ff-915e-4a79-ab0d-01b0f4b4c48a" testId="609a6bf3-0ec1-5fae-bd08-d52ebd42dfa1" testName="BestiaBehemothClient.Tests.NetLogTest.A_window_without_a_queue_says_nothing_about_one" computerName="BIGBOSS" duration="00:00:00.0001204" startTime="2026-09-16T23:13:54.5046163+02:00" endTime="2026-09-16T23:13:54.5046163+02:00" testType="13cdc9d9-ddb5-4fa4-a97d-d965ccfc6d4b" outcome="Passed" testListId="8c84fa94-04c1-424b-9868-57a2d4851a1d" relativeResultsDirectory="190b89ff-915e-4a79-ab0d-01b0f4b4c48a" />
    <UnitTestResult executionId="52a89fa2-05d6-497c-a265-e26dc49a4808" testId="f48eb31b-310b-f074-fe11-4e1803ef5879" testName="BestiaBehemothClient.Tests.SurfaceSlotTest.AMaterialBoundaryBlendsThoseTwoSlotsAndNoOthers" computerName="BIGBOSS" duration="00:00:00.0161918" startTime="2026-09-16T23:13:54.4534383+02:00" endTime="2026-09-16T23:13:54.4534388+02:00" testType="13cdc9d9-ddb5-4fa4-a97d-d965ccfc6d4b" outcome="Passed" testListId="8c84fa94-04c1-424b-9868-57a2d4851a1d" relativeResultsDirectory="52a89fa2-05d6-497c-a265-e26dc49a4808" />
    <UnitTestResult executionId="a79002f7-e6bf-4a1a-8ba0-6c3d8b6f17c0" testId="2c0679b0-dec6-3b07-4814-02254db6ec76" testName="BestiaBehemothClient.Tests.MessageFilterTest.No_entries_at_all_allows_everything" computerName="BIGBOSS" duration="00:00:00.0000929" startTime="2026-09-16T23:13:54.4003056+02:00" endTime="2026-09-16T23:13:54.4003057+02:00" testType="13cdc9d9-ddb5-4fa4-a97d-d965ccfc6d4b" outcome="Passed" testListId="8c84fa94-04c1-424b-9868-57a2d4851a1d" relativeResultsDirectory="a79002f7-e6bf-4a1a-8ba0-6c3d8b6f17c0" />
    <UnitTestResult executionId="26ebf27d-672e-4014-9422-02b6aea773ed" testId="04818e3f-406a-23bc-86f7-81bdf616a9a6" testName="BestiaBehemothClient.Tests.SurfaceNetsTest.ReconstructsFractionalSurfaceElevation(surface: 12,5)" computerName="BIGBOSS" duration="00:00:00.0055457" startTime="2026-09-16T23:13:54.4568070+02:00" endTime="2026-09-16T23:13:54.4568073+02:00" testType="13cdc9d9-ddb5-4fa4-a97d-d965ccfc6d4b" outcome="Passed" testListId="8c84fa94-04c1-424b-9868-57a2d4851a1d" relativeResultsDirectory="26ebf27d-672e-4014-9422-02b6aea773ed" />
    <UnitTestResult executionId="d74ac4fb-4770-43f6-9751-3bacb8b57667" testId="72ee0a5b-280f-793b-2ef4-f55cae347d62" testName="BestiaBehemothClient.Tests.CarveVisibilityTest.ASphereBelowTheResolutionFloorDrawsNothing(radius: 1,2)" computerName="BIGBOSS" duration="00:00:00.0049606" startTime="2026-09-16T23:13:54.4256387+02:00" endTime="2026-09-16T23:13:54.4256392+02:00" testType="13cdc9d9-ddb5-4fa4-a97d-d965ccfc6d4b" outcome="Passed" testListId="8c84fa94-04c1-424b-9868-57a2d4851a1d" relativeResultsDirectory="d74ac4fb-4770-43f6-9751-3bacb8b57667" />
    <UnitTestResult executionId="def9cff9-5d71-440a-af89-42e1796e21f4" testId="837a5c24-b684-a975-1eb5-39608d0720d9" testName="BestiaBehemothClient.Tests.GrassLodTest.ABladeNeverShrinksAsThePlayerApproaches" computerName="BIGBOSS" duration="00:00:00.0011431" startTime="2026-09-16T23:13:54.4008307+02:00" endTime="2026-09-16T23:13:54.4008307+02:00" testType="13cdc9d9-ddb5-4fa4-a97d-d965ccfc6d4b" outcome="Passed" testListId="8c84fa94-04c1-424b-9868-57a2d4851a1d" relativeResultsDirectory="def9cff9-5d71-440a-af89-42e1796e21f4" />
    <UnitTestResult executionId="74a28df5-d234-4ced-b121-8000941ff627" testId="d60c3261-ac6c-054a-d8d9-51f7fc8ca22d" testName="BestiaBehemothClient.Tests.NetLogTest.The_mode_is_read_from_the_spelling_the_settings_file_uses" computerName="BIGBOSS" duration="00:00:00.0001047" startTime="2026-09-16T23:13:54.5200744+02:00" endTime="2026-09-16T23:13:54.5200745+02:00" testType="13cdc9d9-ddb5-4fa4-a97d-d965ccfc6d4b" outcome="Passed" testListId="8c84fa94-04c1-424b-9868-57a2d4851a1d" relativeResultsDirectory="74a28df5-d234-4ced-b121-8000941ff627" />
    <UnitTestResult executionId="579a870c-9761-417d-9703-15ac9e20e87b" testId="2cafa45b-6b09-dc0c-00f9-127ea7a07b11" testName="BestiaBehemothClient.Tests.GrassLodTest.AnUnsetBudgetPinsTheExponent" computerName="BIGBOSS" duration="00:00:00.0000617" startTime="2026-09-16T23:13:54.4056821+02:00" endTime="2026-09-16T23:13:54.4056822+02:00" testType="13cdc9d9-ddb5-4fa4-a97d-d965ccfc6d4b" outcome="Passed" testListId="8c84fa94-04c1-424b-9868-57a2d4851a1d" relativeResultsDirectory="579a870c-9761-417d-9703-15ac9e20e87b" />
    <UnitTestResult executionId="bd9887f9-bf74-43be-bb9e-c8534c8244ee" testId="efe337e1-5d44-7ab6-48cb-851dedab0228" testName="BestiaBehemothClient.Tests.SurfaceSlotTest.AWallOfTwoBedsBlendsThemOnlyWhereTheyMeet" computerName="BIGBOSS" duration="00:00:00.0337461" startTime="2026-09-16T23:13:54.4371770+02:00" endTime="2026-09-16T23:13:54.4371775+02:00" testType="13cdc9d9-ddb5-4fa4-a97d-d965ccfc6d4b" outcome="Passed" testListId="8c84fa94-04c1-424b-9868-57a2d4851a1d" relativeResultsDirectory="bd9887f9-bf74-43be-bb9e-c8534c8244ee" />
    <UnitTestResult executionId="3c161138-12de-4784-a53e-3748afff7964" testId="f8cf8e83-d5f8-c4cd-eb51-501fda8b789a" testName="BestiaBehemothClient.Tests.WindSmoothingTest.TheSpeedArrivesWellBeforeTheBearing" computerName="BIGBOSS" duration="00:00:00.0112414" startTime="2026-09-16T23:13:54.3724219+02:00" endTime="2026-09-16T23:13:54.3724220+02:00" testType="13cdc9d9-ddb5-4fa4-a97d-d965ccfc6d4b" outcome="Passed" testListId="8c84fa94-04c1-424b-9868-57a2d4851a1d" relativeResultsDirectory="3c161138-12de-4784-a53e-3748afff7964" />
    <UnitTestResult executionId="4f464c12-9c59-46dd-9960-dc2c3ae35d73" testId="0ebd81eb-e04d-a5e5-a452-3c061e18f3b2" testName="BestiaBehemothClient.Tests.SurfaceSlotTest.AnOreVoxelTintsItsOwnVertexAndNotItsNeighbour" computerName="BIGBOSS" duration="00:00:00.0171522" startTime="2026-09-16T23:13:54.5080229+02:00" endTime="2026-09-16T23:13:54.5080230+02:00" testType="13cdc9d9-ddb5-4fa4-a97d-d965ccfc6d4b" outcome="Passed" testListId="8c84fa94-04c1-424b-9868-57a2d4851a1d" relativeResultsDirectory="4f464c12-9c59-46dd-9960-dc2c3ae35d73" />
    <UnitTestResult executionId="2d5c0b97-9620-44c0-9418-b34af03c179c" testId="4a2d362d-3eb6-dbb3-0d50-f43fd159b917" testName="BestiaBehemothClient.Tests.WeatherLookTest.TheGroundGetsWetFromRainAndFogButNeverFromSnow" computerName="BIGBOSS" duration="00:00:00.0001131" startTime="2026-09-16T23:13:54.4054017+02:00" endTime="2026-09-16T23:13:54.4054017+02:00" testType="13cdc9d9-ddb5-4fa4-a97d-d965ccfc6d4b" outcome="Passed" testListId="8c84fa94-04c1-424b-9868-57a2d4851a1d" relativeResultsDirectory="2d5c0b97-9620-44c0-9418-b34af03c179c" />
    <UnitTestResult executionId="c717ec9d-38d1-4886-864a-2435a8f64ab2" testId="d2609495-4ee2-f085-7915-e3040572c117" testName="BestiaBehemothClient.Tests.BlockAppearanceTest.MaterialDrawsFromSlot(id: 32, slot: Rock)" computerName="BIGBOSS" duration="00:00:00.0125073" startTime="2026-09-16T23:13:54.4005100+02:00" endTime="2026-09-16T23:13:54.4005101+02:00" testType="13cdc9d9-ddb5-4fa4-a97d-d965ccfc6d4b" outcome="Passed" testListId="8c84fa94-04c1-424b-9868-57a2d4851a1d" relativeResultsDirectory="c717ec9d-38d1-4886-864a-2435a8f64ab2" />
    <UnitTestResult executionId="ccacc25b-34e1-473f-8aee-cb1ec9f4876a" testId="69c7062b-f617-3d56-aff7-3a54c1dfb75f" testName="BestiaBehemothClient.Tests.SurfaceSlotTest.WeightsSumToExactly255AtEveryVertex" computerName="BIGBOSS" duration="00:00:00.0258690" startTime="2026-09-16T23:13:54.5555636+02:00" endTime="2026-09-16T23:13:54.5555642+02:00" testType="13cdc9d9-ddb5-4fa4-a97d-d965ccfc6d4b" outcome="Passed" testListId="8c84fa94-04c1-424b-9868-57a2d4851a1d" relativeResultsDirectory="ccacc25b-34e1-473f-8aee-cb1ec9f4876a" />
    <UnitTestResult executionId="24b8d1b3-3e5d-4129-afb2-51efffca996a" testId="17ee7ffc-4334-6c87-9408-6eab5bc161dc" testName="BestiaBehemothClient.Tests.DayCycleTest.NightIsAlwaysFullyDark" computerName="BIGBOSS" duration="00:00:00.0108898" startTime="2026-09-16T23:13:54.3723739+02:00" endTime="2026-09-16T23:13:54.3723740+02:00" testType="13cdc9d9-ddb5-4fa4-a97d-d965ccfc6d4b" outcome="Passed" testListId="8c84fa94-04c1-424b-9868-57a2d4851a1d" relativeResultsDirectory="24b8d1b3-3e5d-4129-afb2-51efffca996a" />
    <UnitTestResult executionId="6d64587e-9c74-43c5-b000-9f366119f6ba" testId="79c8a266-aaa7-21d2-27a3-baf77eadfbfd" testName="BestiaBehemothClient.Tests.GrassLodTest.TheRevealedFractionIsContinuousAcrossItsBranches" computerName="BIGBOSS" duration="00:00:00.0015946" startTime="2026-09-16T23:13:54.4060302+02:00" endTime="2026-09-16T23:13:54.4060302+02:00" testType="13cdc9d9-ddb5-4fa4-a97d-d965ccfc6d4b" outcome="Passed" testListId="8c84fa94-04c1-424b-9868-57a2d4851a1d" relativeResultsDirectory="6d64587e-9c74-43c5-b000-9f366119f6ba" />
    <UnitTestResult executionId="6c0f7bb8-5abb-40cc-a65c-635caead45f5" testId="9f57454c-13ce-23b9-dba3-3fa538cb2fef" testName="BestiaBehemothClient.Tests.CarveVisibilityTest.ASphereAboveTheFloorDrawsAtRoughlyTwiceItsRadius(radius: 1,3999999999999999, atLeast: 1,3999999999999999)" computerName="BIGBOSS" duration="00:00:00.0078653" startTime="2026-09-16T23:13:54.4144979+02:00" endTime="2026-09-16T23:13:54.4144980+02:00" testType="13cdc9d9-ddb5-4fa4-a97d-d965ccfc6d4b" outcome="Passed" testListId="8c84fa94-04c1-424b-9868-57a2d4851a1d" relativeResultsDirectory="6c0f7bb8-5abb-40cc-a65c-635caead45f5" />
    <UnitTestResult executionId="12587e7d-2389-444f-bbfc-c5a18045e068" testId="5b294e16-9ccb-cd70-0d21-66c898a1535d" testName="BestiaBehemothClient.Tests.ChunkWrapTest.An_address_inside_the_world_is_left_alone" computerName="BIGBOSS" duration="00:00:00.0000779" startTime="2026-09-16T23:13:54.4015714+02:00" endTime="2026-09-16T23:13:54.4015714+02:00" testType="13cdc9d9-ddb5-4fa4-a97d-d965ccfc6d4b" outcome="Passed" testListId="8c84fa94-04c1-424b-9868-57a2d4851a1d" relativeResultsDirectory="12587e7d-2389-444f-bbfc-c5a18045e068" />
    <UnitTestResult executionId="49f63b49-a4ce-4493-88a8-88861c2763e6" testId="b2084f31-0b86-e847-b17f-b6aa44d8123d" testName="BestiaBehemothClient.Tests.ChunkBandsTest.SolidRockHasNoInteriorBoundary" computerName="BIGBOSS" duration="00:00:00.0004276" startTime="2026-09-16T23:13:54.4051581+02:00" endTime="2026-09-16T23:13:54.4051581+02:00" testType="13cdc9d9-ddb5-4fa4-a97d-d965ccfc6d4b" outcome="Passed" testListId="8c84fa94-04c1-424b-9868-57a2d4851a1d" relativeResultsDirectory="49f63b49-a4ce-4493-88a8-88861c2763e6" />
    <UnitTestResult executionId="716e659b-3364-4c21-b28c-1f415e45650d" testId="7230d062-a22e-d10a-9396-7c4b19927d34" testName="BestiaBehemothClient.Tests.DayCycleTest.FullNightStraddlesMidnight" computerName="BIGBOSS" duration="00:00:00.0000676" startTime="2026-09-16T23:13:54.4002344+02:00" endTime="2026-09-16T23:13:54.4002344+02:00" testType="13cdc9d9-ddb5-4fa4-a97d-d965ccfc6d4b" outcome="Passed" testListId="8c84fa94-04c1-424b-9868-57a2d4851a1d" relativeResultsDirectory="716e659b-3364-4c21-b28c-1f415e45650d" />
    <UnitTestResult executionId="d7882823-416a-403c-9974-1c0bc2133f5e" testId="c47b37f9-c9bf-751c-cc2b-7c5282c3896a" testName="BestiaBehemothClient.Tests.GrassLodTest.ADegenerateViewportCountsEverything" computerName="BIGBOSS" duration="00:00:00.0001289" startTime="2026-09-16T23:13:54.4010485+02:00" endTime="2026-09-16T23:13:54.4010485+02:00" testType="13cdc9d9-ddb5-4fa4-a97d-d965ccfc6d4b" outcome="Passed" testListId="8c84fa94-04c1-424b-9868-57a2d4851a1d" relativeResultsDirectory="d7882823-416a-403c-9974-1c0bc2133f5e" />
    <UnitTestResult executionId="0ce0e9e0-0d3d-4da2-9621-89e877d51a46" testId="fac07654-1fe4-2e6e-8e3b-42b65c8b2be5" testName="BestiaBehemothClient.Tests.BlockAppearanceTest.MaterialDrawsFromSlot(id: 12, slot: Wetland)" computerName="BIGBOSS" duration="00:00:00.0000010" startTime="2026-09-16T23:13:54.4005921+02:00" endTime="2026-09-16T23:13:54.4005921+02:00" testType="13cdc9d9-ddb5-4fa4-a97d-d965ccfc6d4b" outcome="Passed" testListId="8c84fa94-04c1-424b-9868-57a2d4851a1d" relativeResultsDirectory="0ce0e9e0-0d3d-4da2-9621-89e877d51a46" />
    <UnitTestResult executionId="588a4465-8d87-461a-8ab2-70894ee67016" testId="617afaf2-264f-72b0-f1cb-5cb3dc4d76da" testName="BestiaBehemothClient.Tests.GrassBladesTest.TheSplitFindsOneComponentPerBlade" computerName="BIGBOSS" duration="00:00:00.0033096" startTime="2026-09-16T23:13:54.4029522+02:00" endTime="2026-09-16T23:13:54.4029522+02:00" testType="13cdc9d9-ddb5-4fa4-a97d-d965ccfc6d4b" outcome="Passed" testListId="8c84fa94-04c1-424b-9868-57a2d4851a1d" relativeResultsDirectory="588a4465-8d87-461a-8ab2-70894ee67016" />
    <UnitTestResult executionId="1221d35c-fed6-4a02-9ddb-228fdc04a3bd" testId="dff07446-cc9d-9bfd-61cd-37d95b5a50c3" testName="BestiaBehemothClient.Tests.DayCycleTest.AnUnusableCycleStaysLit" computerName="BIGBOSS" duration="00:00:00.0000939" startTime="2026-09-16T23:13:54.4047512+02:00" endTime="2026-09-16T23:13:54.4047512+02:00" testType="13cdc9d9-ddb5-4fa4-a97d-d965ccfc6d4b" outcome="Passed" testListId="8c84fa94-04c1-424b-9868-57a2d4851a1d" relativeResultsDirectory="1221d35c-fed6-4a02-9ddb-228fdc04a3bd" />
    <UnitTestResult executionId="927ebd1f-b830-460e-8f77-eebd8958adc7" testId="5b3045e0-f668-8893-a8a6-f0556056e9fa" testName="BestiaBehemothClient.Tests.GrassLodTest.ADegenerateReferenceIsNeutral" computerName="BIGBOSS" duration="00:00:00.0000409" startTime="2026-09-16T23:13:54.4024775+02:00" endTime="2026-09-16T23:13:54.4024775+02:00" testType="13cdc9d9-ddb5-4fa4-a97d-d965ccfc6d4b" outcome="Passed" testListId="8c84fa94-04c1-424b-9868-57a2d4851a1d" relativeResultsDirectory="927ebd1f-b830-460e-8f77-eebd8958adc7" />
    <UnitTestResult executionId="e507381b-32d5-48b7-be59-c354e309202e" testId="13ffc4b4-ee8b-4bcb-c196-a37132bcbcf1" testName="BestiaBehemothClient.Tests.ChunkBandsTest.ColumnsThatDisagreeAreNotUniform" computerName="BIGBOSS" duration="00:00:00.0065706" startTime="2026-09-16T23:13:54.4056999+02:00" endTime="2026-09-16T23:13:54.4056999+02:00" testType="13cdc9d9-ddb5-4fa4-a97d-d965ccfc6d4b" outcome="Passed" testListId="8c84fa94-04c1-424b-9868-57a2d4851a1d" relativeResultsDirectory="e507381b-32d5-48b7-be59-c354e309202e" />
    <UnitTestResult executionId="5e6f080d-e78e-4d88-a204-1b2c26057db3" testId="c3819234-0c2f-e3fb-b340-79a5fcbc7ea0" testName="BestiaBehemothClient.Tests.GrassLodTest.TiersOnlyEverCoarsenWithDistance" computerName="BIGBOSS" duration="00:00:00.0020022" startTime="2026-09-16T23:13:54.4038846+02:00" endTime="2026-09-16T23:13:54.4038847+02:00" testType="13cdc9d9-ddb5-4fa4-a97d-d965ccfc6d4b" outcome="Passed" testListId="8c84fa94-04c1-424b-9868-57a2d4851a1d" relativeResultsDirectory="5e6f080d-e78e-4d88-a204-1b2c26057db3" />
    <UnitTestResult executionId="4fba27de-0d57-4653-a15f-c363c6577e13" testId="77464c7b-f585-30e8-90e5-141c06ede2a5" testName="BestiaBehemothClient.Tests.GrassLodTest.AZeroResponsePinsTheExponent" computerName="BIGBOSS" duration="00:00:00.0001133" startTime="2026-09-16T23:13:54.4025038+02:00" endTime="2026-09-16T23:13:54.4025039+02:00" testType="13cdc9d9-ddb5-4fa4-a97d-d965ccfc6d4b" outcome="Passed" testListId="8c84fa94-04c1-424b-9868-57a2d4851a1d" relativeResultsDirectory="4fba27de-0d57-4653-a15f-c363c6577e13" />
    <UnitTestResult executionId="268d3269-3a70-4286-bce3-45bfc0ba5155" testId="5c811656-7a60-5008-dda3-4c81495cc0c5" testName="BestiaBehemothClient.Tests.MessageFilterTest.A_name_is_matched_whole_rather_than_as_a_substring" computerName="BIGBOSS" duration="00:00:00.0000755" startTime="2026-09-16T23:13:54.4002534+02:00" endTime="2026-09-16T23:13:54.4002535+02:00" testType="13cdc9d9-ddb5-4fa4-a97d-d965ccfc6d4b" outcome="Passed" testListId="8c84fa94-04c1-424b-9868-57a2d4851a1d" relativeResultsDirectory="268d3269-3a70-4286-bce3-45bfc0ba5155" />
    <UnitTestResult executionId="4b50c096-97f1-483e-955d-55b853d1d897" testId="aeda4968-55d4-d1bf-a65d-66cccbbb28a5" testName="BestiaBehemothClient.Tests.TerrainSeamTest.The_chunk_across_the_seam_is_not_reported_missing" computerName="BIGBOSS" duration="00:00:00.0076487" startTime="2026-09-16T23:13:54.4059557+02:00" endTime="2026-09-16T23:13:54.4059557+02:00" testType="13cdc9d9-ddb5-4fa4-a97d-d965ccfc6d4b" outcome="Passed" testListId="8c84fa94-04c1-424b-9868-57a2d4851a1d" relativeResultsDirectory="4b50c096-97f1-483e-955d-55b853d1d897" />
    <UnitTestResult executionId="1df61012-c791-484c-9eaa-59d601edbfc6" testId="f55d7997-70b0-85d0-30ed-eb01e641435d" testName="BestiaBehemothClient.Tests.GrassLodTest.AZeroResponsePinsTheBand" computerName="BIGBOSS" duration="00:00:00.0000636" startTime="2026-09-16T23:13:54.4038554+02:00" endTime="2026-09-16T23:13:54.4038554+02:00" testType="13cdc9d9-ddb5-4fa4-a97d-d965ccfc6d4b" outcome="Passed" testListId="8c84fa94-04c1-424b-9868-57a2d4851a1d" relativeResultsDirectory="1df61012-c791-484c-9eaa-59d601edbfc6" />
    <UnitTestResult executionId="cc47dd21-17ae-40f2-99be-32ca8267727d" testId="34e2b0a6-ec08-65e1-d56a-966c224e02d7" testName="BestiaBehemothClient.Tests.GrassLodTest.ZeroSecondsIsTheFadeTurnedOff" computerName="BIGBOSS" duration="00:00:00.0000777" startTime="2026-09-16T23:13:54.4024519+02:00" endTime="2026-09-16T23:13:54.4024520+02:00" testType="13cdc9d9-ddb5-4fa4-a97d-d965ccfc6d4b" outcome="Passed" testListId="8c84fa94-04c1-424b-9868-57a2d4851a1d" relativeResultsDirectory="cc47dd21-17ae-40f2-99be-32ca8267727d" />
    <UnitTestResult executionId="d4f0a112-e450-4652-a74f-1a4f49c8db68" testId="5a85ba7b-7de8-421a-7541-3819ad8b1479" testName="BestiaBehemothClient.Tests.NetLogTest.The_authentication_token_is_never_spelled_out" computerName="BIGBOSS" duration="00:00:00.0051158" startTime="2026-09-16T23:13:54.5095359+02:00" endTime="2026-09-16T23:13:54.5095360+02:00" testType="13cdc9d9-ddb5-4fa4-a97d-d965ccfc6d4b" outcome="Passed" testListId="8c84fa94-04c1-424b-9868-57a2d4851a1d" relativeResultsDirectory="d4f0a112-e450-4652-a74f-1a4f49c8db68" />
    <UnitTestResult executionId="1bcde77e-0c4e-4a32-8263-696335e7a942" testId="fb13685c-c5f4-4281-33cc-e42eef34fbf6" testName="BestiaBehemothClient.Tests.GrassBladesTest.ASeamDoesNotCutABladeInTwo" computerName="BIGBOSS" duration="00:00:00.0087016" startTime="2026-09-16T23:13:54.4019519+02:00" endTime="2026-09-16T23:13:54.4019520+02:00" testType="13cdc9d9-ddb5-4fa4-a97d-d965ccfc6d4b" outcome="Passed" testListId="8c84fa94-04c1-424b-9868-57a2d4851a1d" relativeResultsDirectory="1bcde77e-0c4e-4a32-8263-696335e7a942" />
    <UnitTestResult executionId="0f4d8669-126e-4c2f-84ab-21ccff1e7317" testId="5b8aacee-0433-9e73-6485-cc65daab6467" testName="BestiaBehemothClient.Tests.DayCycleTest.TheRampsAreMonotone" computerName="BIGBOSS" duration="00:00:00.0236348" startTime="2026-09-16T23:13:54.4043786+02:00" endTime="2026-09-16T23:13:54.4043786+02:00" testType="13cdc9d9-ddb5-4fa4-a97d-d965ccfc6d4b" outcome="Passed" testListId="8c84fa94-04c1-424b-9868-57a2d4851a1d" relativeResultsDirectory="0f4d8669-126e-4c2f-84ab-21ccff1e7317" />
    <UnitTestResult executionId="9e0bb90c-8b12-446f-82e6-1ff1184c00c8" testId="22259c66-1331-b9f7-4f87-5bab168359da" testName="BestiaBehemothClient.Tests.ChunkWrapTest.Stepping_west_off_zero_arrives_at_the_far_edge" computerName="BIGBOSS" duration="00:00:00.0000655" startTime="2026-09-16T23:13:54.4012840+02:00" endTime="2026-09-16T23:13:54.4012840+02:00" testType="13cdc9d9-ddb5-4fa4-a97d-d965ccfc6d4b" outcome="Passed" testListId="8c84fa94-04c1-424b-9868-57a2d4851a1d" relativeResultsDirectory="9e0bb90c-8b12-446f-82e6-1ff1184c00c8" />
    <UnitTestResult executionId="85d6d9a9-9bac-4e6b-a294-cecdebbcffe3" testId="f0f743cd-aeb7-cf2e-151a-42cfa6c189ca" testName="BestiaBehemothClient.Tests.BlockAppearanceTest.MaterialDrawsFromSlot(id: 18, slot: Sand)" computerName="BIGBOSS" duration="00:00:00.0000010" startTime="2026-09-16T23:13:54.4007409+02:00" endTime="2026-09-16T23:13:54.4007409+02:00" testType="13cdc9d9-ddb5-4fa4-a97d-d965ccfc6d4b" outcome="Passed" testListId="8c84fa94-04c1-424b-9868-57a2d4851a1d" relativeResultsDirectory="85d6d9a9-9bac-4e6b-a294-cecdebbcffe3" />
    <UnitTestResult executionId="1107c7a3-0fd5-4d34-818e-956937da5740" testId="19c055ab-0ef1-12d8-4c9a-702810142b6c" testName="BestiaBehemothClient.Tests.MeshThroughputTest.ScansBandsFastEnoughToDoItOnEveryArrival" computerName="BIGBOSS" duration="00:00:00.0913974" startTime="2026-09-16T23:13:55.3048025+02:00" endTime="2026-09-16T23:13:55.3048030+02:00" testType="13cdc9d9-ddb5-4fa4-a97d-d965ccfc6d4b" outcome="Passed" testListId="8c84fa94-04c1-424b-9868-57a2d4851a1d" relativeResultsDirectory="1107c7a3-0fd5-4d34-818e-956937da5740">
      <Output>
        <StdOut>band scan 452 us per chunk (1024 columns of 256)</StdOut>
      </Output>
    </UnitTestResult>
    <UnitTestResult executionId="0cf21121-e878-45d7-b05c-8c729f5ed003" testId="14015dd6-6497-61b1-cbc6-4fa24c9d3a1b" testName="BestiaBehemothClient.Tests.GrassLodTest.TheWedgeFollowsTheViewportShape" computerName="BIGBOSS" duration="00:00:00.0003841" startTime="2026-09-16T23:13:54.4015193+02:00" endTime="2026-09-16T23:13:54.4015193+02:00" testType="13cdc9d9-ddb5-4fa4-a97d-d965ccfc6d4b" outcome="Passed" testListId="8c84fa94-04c1-424b-9868-57a2d4851a1d" relativeResultsDirectory="0cf21121-e878-45d7-b05c-8c729f5ed003" />
    <UnitTestResult executionId="f3dce764-cbc2-4993-8698-2ec9b24e1419" testId="e5ba50de-4317-51c4-8e76-5e5d2d59f22b" testName="BestiaBehemothClient.Tests.SurfaceNetsTest.FlatChunkIsOneQuadPerColumn" computerName="BIGBOSS" duration="00:00:00.0071264" startTime="2026-09-16T23:13:54.5689198+02:00" endTime="2026-09-16T23:13:54.5689199+02:00" testType="13cdc9d9-ddb5-4fa4-a97d-d965ccfc6d4b" outcome="Passed" testListId="8c84fa94-04c1-424b-9868-57a2d4851a1d" relativeResultsDirectory="f3dce764-cbc2-4993-8698-2ec9b24e1419" />
    <UnitTestResult executionId="2b659623-0684-473b-a4a6-99046bd8971b" testId="1729d44c-5a36-b45e-dfd6-934d37586e5e" testName="BestiaBehemothClient.Tests.SurfaceProbeTest.StandsOnTheLakeBedRatherThanTheWater" computerName="BIGBOSS" duration="00:00:00.0188500" startTime="2026-09-16T23:13:54.4042658+02:00" endTime="2026-09-16T23:13:54.4042658+02:00" testType="13cdc9d9-ddb5-4fa4-a97d-d965ccfc6d4b" outcome="Passed" testListId="8c84fa94-04c1-424b-9868-57a2d4851a1d" relativeResultsDirectory="2b659623-0684-473b-a4a6-99046bd8971b" />
    <UnitTestResult executionId="1b1bbb95-6633-4275-bf88-c862b4440968" testId="3534c057-aa6b-3e65-231a-b40ddd107a2f" testName="BestiaBehemothClient.Tests.GrassLodTest.TheNewestBladeEntersAtNothingAndTheNextIsNotDrawn" computerName="BIGBOSS" duration="00:00:00.0054982" startTime="2026-09-16T23:13:54.4069986+02:00" endTime="2026-09-16T23:13:54.4069986+02:00" testType="13cdc9d9-ddb5-4fa4-a97d-d965ccfc6d4b" outcome="Passed" testListId="8c84fa94-04c1-424b-9868-57a2d4851a1d" relativeResultsDirectory="1b1bbb95-6633-4275-bf88-c862b4440968" />
    <UnitTestResult executionId="7966b0ee-49b4-43bf-82e8-58c5a1cd8d34" testId="7156a966-d30a-7053-e0e4-bbb440921ace" testName="BestiaBehemothClient.Tests.SurfaceNetsTest.LavaNormalsPointUp" computerName="BIGBOSS" duration="00:00:00.0161031" startTime="2026-09-16T23:13:54.5850968+02:00" endTime="2026-09-16T23:13:54.5850973+02:00" testType="13cdc9d9-ddb5-4fa4-a97d-d965ccfc6d4b" outcome="Passed" testListId="8c84fa94-04c1-424b-9868-57a2d4851a1d" relativeResultsDirectory="7966b0ee-49b4-43bf-82e8-58c5a1cd8d34" />
    <UnitTestResult executionId="df1c4ba8-296d-4d73-ab02-25b0d89b8225" testId="2489b0ba-9851-0cf9-77e0-2f7c3776ddaa" testName="BestiaBehemothClient.Tests.ChunkBandsTest.FloorSeamIsDetectedOnlyWhenTheNeighbourDiffers" computerName="BIGBOSS" duration="00:00:00.0005519" startTime="2026-09-16T23:13:54.4050843+02:00" endTime="2026-09-16T23:13:54.4050844+02:00" testType="13cdc9d9-ddb5-4fa4-a97d-d965ccfc6d4b" outcome="Passed" testListId="8c84fa94-04c1-424b-9868-57a2d4851a1d" relativeResultsDirectory="df1c4ba8-296d-4d73-ab02-25b0d89b8225" />
    <UnitTestResult executionId="896f53ab-5e55-4aaa-a4c0-930369703b2f" testId="62a753e5-de9f-9ece-844e-cb92d20b5a8f" testName="BestiaBehemothClient.Tests.GrassLodTest.AFullMarginCountsEverything" computerName="BIGBOSS" duration="00:00:00.0000796" startTime="2026-09-16T23:13:54.4034285+02:00" endTime="2026-09-16T23:13:54.4034285+02:00" testType="13cdc9d9-ddb5-4fa4-a97d-d965ccfc6d4b" outcome="Passed" testListId="8c84fa94-04c1-424b-9868-57a2d4851a1d" relativeResultsDirectory="896f53ab-5e55-4aaa-a4c0-930369703b2f" />
    <UnitTestResult executionId="e9155844-8411-4e63-9c8e-a3aabda9a5da" testId="b22fe078-bcd6-9445-d800-3e0759172926" testName="BestiaBehemothClient.Tests.SurfaceProbeTest.FindsTheGroundTheServersRoundedHeightMisses" computerName="BIGBOSS" duration="00:00:00.0043060" startTime="2026-09-16T23:13:54.4484455+02:00" endTime="2026-09-16T23:13:54.4484457+02:00" testType="13cdc9d9-ddb5-4fa4-a97d-d965ccfc6d4b" outcome="Passed" testListId="8c84fa94-04c1-424b-9868-57a2d4851a1d" relativeResultsDirectory="e9155844-8411-4e63-9c8e-a3aabda9a5da" />
    <UnitTestResult executionId="322ef94d-a408-4cbf-8745-f242033cf62d" testId="48370f10-a465-355d-d69f-80314b0ef205" testName="BestiaBehemothClient.Tests.SurfaceNetsTest.ASeaBedIsDrawnUnderStandingWaterAndTheWaterKeepsNoUnderside" computerName="BIGBOSS" duration="00:00:00.0238690" startTime="2026-09-16T23:13:54.4372480+02:00" endTime="2026-09-16T23:13:54.4372481+02:00" testType="13cdc9d9-ddb5-4fa4-a97d-d965ccfc6d4b" outcome="Passed" testListId="8c84fa94-04c1-424b-9868-57a2d4851a1d" relativeResultsDirectory="322ef94d-a408-4cbf-8745-f242033cf62d" />
    <UnitTestResult executionId="feb934b5-b25f-4dfe-835e-f9104299ec16" testId="839223f1-84fd-f50f-3b30-9229b01caf03" testName="BestiaBehemothClient.Tests.GrassLodTest.TheExponentSettlesOnAFieldThatFits" computerName="BIGBOSS" duration="00:00:00.0000837" startTime="2026-09-16T23:13:54.4060514+02:00" endTime="2026-09-16T23:13:54.4060514+02:00" testType="13cdc9d9-ddb5-4fa4-a97d-d965ccfc6d4b" outcome="Passed" testListId="8c84fa94-04c1-424b-9868-57a2d4851a1d" relativeResultsDirectory="feb934b5-b25f-4dfe-835e-f9104299ec16" />
    <UnitTestResult executionId="c75168d2-76c9-4025-bf2d-e837bb47c65d" testId="6e9b7d9f-7449-f52f-bdf3-7a8d76f47359" testName="BestiaBehemothClient.Tests.BlockAppearanceTest.MaterialDrawsFromSlot(id: 62, slot: Rock)" computerName="BIGBOSS" duration="00:00:00.0000020" startTime="2026-09-16T23:13:54.4005516+02:00" endTime="2026-09-16T23:13:54.4005517+02:00" testType="13cdc9d9-ddb5-4fa4-a97d-d965ccfc6d4b" outcome="Passed" testListId="8c84fa94-04c1-424b-9868-57a2d4851a1d" relativeResultsDirectory="c75168d2-76c9-4025-bf2d-e837bb47c65d" />
    <UnitTestResult executionId="b7686d10-76cf-4ee0-8031-e873526903c1" testId="eba54425-5d5e-3b52-bce1-6325e1edacfc" testName="BestiaBehemothClient.Tests.WeatherLookTest.PrecipitationForcesASkyToFallOutOf" computerName="BIGBOSS" duration="00:00:00.0001175" startTime="2026-09-16T23:13:54.4053527+02:00" endTime="2026-09-16T23:13:54.4053527+02:00" testType="13cdc9d9-ddb5-4fa4-a97d-d965ccfc6d4b" outcome="Passed" testListId="8c84fa94-04c1-424b-9868-57a2d4851a1d" relativeResultsDirectory="b7686d10-76cf-4ee0-8031-e873526903c1" />
    <UnitTestResult executionId="b1b78ca1-3893-4f49-935f-26c457b8c0c2" testId="98728728-6f21-58e8-9888-ba8d051fce8a" testName="BestiaBehemothClient.Tests.WeatherLookTest.TheProtocolStillHasElevenKinds" computerName="BIGBOSS" duration="00:00:00.0000509" startTime="2026-09-16T23:13:54.4053780+02:00" endTime="2026-09-16T23:13:54.4053780+02:00" testType="13cdc9d9-ddb5-4fa4-a97d-d965ccfc6d4b" outcome="Passed" testListId="8c84fa94-04c1-424b-9868-57a2d4851a1d" relativeResultsDirectory="b1b78ca1-3893-4f49-935f-26c457b8c0c2" />
    <UnitTestResult executionId="e1fa8ef6-3a31-4b13-aed1-bc3c0bfb6101" testId="37516f88-a30c-745b-d6d1-385e813fba74" testName="BestiaBehemothClient.Tests.BlockAppearanceTest.MaterialDrawsFromSlot(id: 16, slot: Grass)" computerName="BIGBOSS" duration="00:00:00.0000009" startTime="2026-09-16T23:13:54.4007567+02:00" endTime="2026-09-16T23:13:54.4007567+02:00" testType="13cdc9d9-ddb5-4fa4-a97d-d965ccfc6d4b" outcome="Passed" testListId="8c84fa94-04c1-424b-9868-57a2d4851a1d" relativeResultsDirectory="e1fa8ef6-3a31-4b13-aed1-bc3c0bfb6101" />
    <UnitTestResult executionId="c95e287e-7230-4a33-b29f-fd4dfc8ed589" testId="fe5e35af-8c9f-1a11-cde2-b17a0f4c2daa" testName="BestiaBehemothClient.Tests.SurfaceSlotTest.AThinCapOutranksItStill" computerName="BIGBOSS" duration="00:00:00.0192355" startTime="2026-09-16T23:13:54.4727611+02:00" endTime="2026-09-16T23:13:54.4727617+02:00" testType="13cdc9d9-ddb5-4fa4-a97d-d965ccfc6d4b" outcome="Passed" testListId="8c84fa94-04c1-424b-9868-57a2d4851a1d" relativeResultsDirectory="c95e287e-7230-4a33-b29f-fd4dfc8ed589" />
    <UnitTestResult executionId="c0e72d87-8b5d-4757-b22f-7754a86746b7" testId="1b92b917-a09f-0b58-a973-17c88d71d12c" testName="BestiaBehemothClient.Tests.TerrainSeamTest.Every_recorded_neighbour_is_inside_the_world" computerName="BIGBOSS" duration="00:00:00.0275775" startTime="2026-09-16T23:13:54.4025856+02:00" endTime="2026-09-16T23:13:54.4025856+02:00" testType="13cdc9d9-ddb5-4fa4-a97d-d965ccfc6d4b" outcome="Passed" testListId="8c84fa94-04c1-424b-9868-57a2d4851a1d" relativeResultsDirectory="c0e72d87-8b5d-4757-b22f-7754a86746b7" />
    <UnitTestResult executionId="6d96b7d5-9952-48f9-aee1-30ec6d57aed7" testId="13b2f54c-ded7-4f6b-0fc9-b4473a28b0ab" testName="BestiaBehemothClient.Tests.GrassLodTest.AnUnsetBudgetDoesNotTrim" computerName="BIGBOSS" duration="00:00:00.0000991" startTime="2026-09-16T23:13:54.4010318+02:00" endTime="2026-09-16T23:13:54.4010318+02:00" testType="13cdc9d9-ddb5-4fa4-a97d-d965ccfc6d4b" outcome="Passed" testListId="8c84fa94-04c1-424b-9868-57a2d4851a1d" relativeResultsDirectory="6d96b7d5-9952-48f9-aee1-30ec6d57aed7" />
    <UnitTestResult executionId="79394cb9-2843-42c5-99c2-c2884de894cb" testId="5cac1ea0-75bd-428c-bb12-b2cf7b2f6437" testName="BestiaBehemothClient.Tests.ChunkWrapTest.None_folds_nothing" computerName="BIGBOSS" duration="00:00:00.0001365" startTime="2026-09-16T23:13:54.4013280+02:00" endTime="2026-09-16T23:13:54.4013280+02:00" testType="13cdc9d9-ddb5-4fa4-a97d-d965ccfc6d4b" outcome="Passed" testListId="8c84fa94-04c1-424b-9868-57a2d4851a1d" relativeResultsDirectory="79394cb9-2843-42c5-99c2-c2884de894cb" />
    <UnitTestResult executionId="ed0aaa2c-2a57-49c2-b3f6-21a217cfaa1b" testId="017e77ee-a889-6010-60b6-9ce975cd08d0" testName="BestiaBehemothClient.Tests.SurfaceProbeTest.FindsTheSurfaceNearestTheHintRatherThanTheHighestOne" computerName="BIGBOSS" duration="00:00:00.0074821" startTime="2026-09-16T23:13:54.4085157+02:00" endTime="2026-09-16T23:13:54.4085158+02:00" testType="13cdc9d9-ddb5-4fa4-a97d-d965ccfc6d4b" outcome="Passed" testListId="8c84fa94-04c1-424b-9868-57a2d4851a1d" relativeResultsDirectory="ed0aaa2c-2a57-49c2-b3f6-21a217cfaa1b" />
    <UnitTestResult executionId="5e766dce-8623-4280-b5f4-531d140e96e0" testId="19ff0fa7-b310-1325-0c19-7d3df7484dab" testName="BestiaBehemothClient.Tests.CarveVisibilityTest.TheMinimumBoreRadiusRendersAsAWalkableGallery" computerName="BIGBOSS" duration="00:00:00.0036965" startTime="2026-09-16T23:13:54.4324649+02:00" endTime="2026-09-16T23:13:54.4324654+02:00" testType="13cdc9d9-ddb5-4fa4-a97d-d965ccfc6d4b" outcome="Passed" testListId="8c84fa94-04c1-424b-9868-57a2d4851a1d" relativeResultsDirectory="5e766dce-8623-4280-b5f4-531d140e96e0" />
    <UnitTestResult executionId="39321ca2-610b-4d4d-a3f9-9205e9bc9ed3" testId="92148580-af11-9318-de3e-8322041e2d3c" testName="BestiaBehemothClient.Tests.GrassLodTest.GroundBesideTheEyeIsCountedWhateverItsBearing" computerName="BIGBOSS" duration="00:00:00.0000887" startTime="2026-09-16T23:13:54.4034004+02:00" endTime="2026-09-16T23:13:54.4034004+02:00" testType="13cdc9d9-ddb5-4fa4-a97d-d965ccfc6d4b" outcome="Passed" testListId="8c84fa94-04c1-424b-9868-57a2d4851a1d" relativeResultsDirectory="39321ca2-610b-4d4d-a3f9-9205e9bc9ed3" />
    <UnitTestResult executionId="ca2b8d6e-43a3-4775-aaee-b8e909d6d741" testId="f8462485-598f-531c-c871-543788d06a94" testName="BestiaBehemothClient.Tests.ChunkWrapTest.Distance_on_an_unwrapped_axis_is_never_folded" computerName="BIGBOSS" duration="00:00:00.0024179" startTime="2026-09-16T23:13:54.4010644+02:00" endTime="2026-09-16T23:13:54.4010645+02:00" testType="13cdc9d9-ddb5-4fa4-a97d-d965ccfc6d4b" outcome="Passed" testListId="8c84fa94-04c1-424b-9868-57a2d4851a1d" relativeResultsDirectory="ca2b8d6e-43a3-4775-aaee-b8e909d6d741" />
    <UnitTestResult executionId="06954697-7f4a-4481-9b2c-bdf0239e861b" testId="b7e57221-6e58-e219-2500-999ca770794f" testName="BestiaBehemothClient.Tests.WeatherLookTest.NoKindRendersAsAClearDay" computerName="BIGBOSS" duration="00:00:00.0008473" startTime="2026-09-16T23:13:54.4047811+02:00" endTime="2026-09-16T23:13:54.4047812+02:00" testType="13cdc9d9-ddb5-4fa4-a97d-d965ccfc6d4b" outcome="Passed" testListId="8c84fa94-04c1-424b-9868-57a2d4851a1d" relativeResultsDirectory="06954697-7f4a-4481-9b2c-bdf0239e861b" />
    <UnitTestResult executionId="4fe930e5-1a16-4873-9995-f048ca8ea14c" testId="50441010-fa8b-52d4-62b8-82d5819d3c53" testName="BestiaBehemothClient.Tests.DayCycleTest.HoursWrapIntoTheDay" computerName="BIGBOSS" duration="00:00:00.0000972" startTime="2026-09-16T23:13:54.4002874+02:00" endTime="2026-09-16T23:13:54.4002875+02:00" testType="13cdc9d9-ddb5-4fa4-a97d-d965ccfc6d4b" outcome="Passed" testListId="8c84fa94-04c1-424b-9868-57a2d4851a1d" relativeResultsDirectory="4fe930e5-1a16-4873-9995-f048ca8ea14c" />
    <UnitTestResult executionId="c95e9512-30f7-4971-acd2-bf17dfae033e" testId="b4aaec17-b6f8-79f6-1da1-bf87af902486" testName="BestiaBehemothClient.Tests.GrassLodTest.TheExponentRisesOverBudgetAndFallsBackUnderIt" computerName="BIGBOSS" duration="00:00:00.0000671" startTime="2026-09-16T23:13:54.4033445+02:00" endTime="2026-09-16T23:13:54.4033445+02:00" testType="13cdc9d9-ddb5-4fa4-a97d-d965ccfc6d4b" outcome="Passed" testListId="8c84fa94-04c1-424b-9868-57a2d4851a1d" relativeResultsDirectory="c95e9512-30f7-4971-acd2-bf17dfae033e" />
    <UnitTestResult executionId="db1bf617-8338-40a8-bee2-36f18c15115d" testId="0205b6b4-da9b-51c3-721f-fd09dd9f9e4f" testName="BestiaBehemothClient.Tests.MessageFilterTest.A_denied_name_loses_even_when_it_is_also_allowed" computerName="BIGBOSS" duration="00:00:00.0000540" startTime="2026-09-16T23:13:54.4004950+02:00" endTime="2026-09-16T23:13:54.4004950+02:00" testType="13cdc9d9-ddb5-4fa4-a97d-d965ccfc6d4b" outcome="Passed" testListId="8c84fa94-04c1-424b-9868-57a2d4851a1d" relativeResultsDirectory="db1bf617-8338-40a8-bee2-36f18c15115d" />
    <UnitTestResult executionId="32c34aa0-cf6e-46f9-b855-ac80a581992c" testId="b025576c-37e3-aa15-e834-75d91fd7a21a" testName="BestiaBehemothClient.Tests.WindSmoothingTest.AReversingWindNeverFallsCalm" computerName="BIGBOSS" duration="00:00:00.0143340" startTime="2026-09-16T23:13:54.4059198+02:00" endTime="2026-09-16T23:13:54.4059198+02:00" testType="13cdc9d9-ddb5-4fa4-a97d-d965ccfc6d4b" outcome="Passed" testListId="8c84fa94-04c1-424b-9868-57a2d4851a1d" relativeResultsDirectory="32c34aa0-cf6e-46f9-b855-ac80a581992c" />
    <UnitTestResult executionId="e8dd5125-cbb5-4d54-8f73-fdc0b37d9329" testId="d8e85ae2-6238-8df5-40a7-7274262f4a31" testName="BestiaBehemothClient.Tests.ChunkWrapTest.An_unwrapped_axis_keeps_its_edge" computerName="BIGBOSS" duration="00:00:00.0000749" startTime="2026-09-16T23:13:54.4012407+02:00" endTime="2026-09-16T23:13:54.4012407+02:00" testType="13cdc9d9-ddb5-4fa4-a97d-d965ccfc6d4b" outcome="Passed" testListId="8c84fa94-04c1-424b-9868-57a2d4851a1d" relativeResultsDirectory="e8dd5125-cbb5-4d54-8f73-fdc0b37d9329" />
    <UnitTestResult executionId="45ce08db-a4c1-4970-9e38-41e4b0ef3f0e" testId="34711d8c-55db-77b7-42c3-ed52c91f4d3f" testName="BestiaBehemothClient.Tests.GrassLodTest.AUnitExponentIsTheIdentity" computerName="BIGBOSS" duration="00:00:00.0000855" startTime="2026-09-16T23:13:54.4034563+02:00" endTime="2026-09-16T23:13:54.4034564+02:00" testType="13cdc9d9-ddb5-4fa4-a97d-d965ccfc6d4b" outcome="Passed" testListId="8c84fa94-04c1-424b-9868-57a2d4851a1d" relativeResultsDirectory="45ce08db-a4c1-4970-9e38-41e4b0ef3f0e" />
    <UnitTestResult executionId="6fcc4df5-fb36-4bf5-b12d-0054f0634b08" testId="cc8444eb-3158-1477-a16e-8d5bede3e45e" testName="BestiaBehemothClient.Tests.MessageFilterTest.A_bare_name_excludes_everything_it_does_not_name" computerName="BIGBOSS" duration="00:00:00.0035108" startTime="2026-09-16T23:13:54.3690113+02:00" endTime="2026-09-16T23:13:54.3690244+02:00" testType="13cdc9d9-ddb5-4fa4-a97d-d965ccfc6d4b" outcome="Passed" testListId="8c84fa94-04c1-424b-9868-57a2d4851a1d" relativeResultsDirectory="6fcc4df5-fb36-4bf5-b12d-0054f0634b08" />
    <UnitTestResult executionId="b76d3c27-f42e-4351-be6e-e5f34d685dff" testId="9f6dfbe5-bcfa-2452-0b42-429b072839c1" testName="BestiaBehemothClient.Tests.SurfaceNetsTest.AnAirSlabMeshedBeforeItsWaterOwesTheWaterAndDrawsTheSeaOnceItArrives" computerName="BIGBOSS" duration="00:00:00.0078443" startTime="2026-09-16T23:13:54.5930705+02:00" endTime="2026-09-16T23:13:54.5930709+02:00" testType="13cdc9d9-ddb5-4fa4-a97d-d965ccfc6d4b" outcome="Passed" testListId="8c84fa94-04c1-424b-9868-57a2d4851a1d" relativeResultsDirectory="b76d3c27-f42e-4351-be6e-e5f34d685dff" />
    <UnitTestResult executionId="c3e5f791-02db-4d6e-ab46-f32b6b33aeca" testId="f6c87c56-4c9c-9f74-650c-57d7fa016ae4" testName="BestiaBehemothClient.Tests.GrassLodTest.AFieldInsideItsBudgetIsNotTrimmed" computerName="BIGBOSS" duration="00:00:00.0000747" startTime="2026-09-16T23:13:54.4056299+02:00" endTime="2026-09-16T23:13:54.4056300+02:00" testType="13cdc9d9-ddb5-4fa4-a97d-d965ccfc6d4b" outcome="Passed" testListId="8c84fa94-04c1-424b-9868-57a2d4851a1d" relativeResultsDirectory="c3e5f791-02db-4d6e-ab46-f32b6b33aeca" />
    <UnitTestResult executionId="7bc39f1e-ce66-4652-8c13-890cf8aeae30" testId="5eb617c3-39eb-1261-ecaa-e109274adc35" testName="BestiaBehemothClient.Tests.ChunkBandsTest.OpenAirHasNoInteriorBoundary" computerName="BIGBOSS" duration="00:00:00.0003882" startTime="2026-09-16T23:13:54.4029209+02:00" endTime="2026-09-16T23:13:54.4029210+02:00" testType="13cdc9d9-ddb5-4fa4-a97d-d965ccfc6d4b" outcome="Passed" testListId="8c84fa94-04c1-424b-9868-57a2d4851a1d" relativeResultsDirectory="7bc39f1e-ce66-4652-8c13-890cf8aeae30" />
    <UnitTestResult executionId="0100994a-a6cd-443e-ac97-f2928d5d2e03" testId="ba186190-2575-8a63-bbe1-1fd4214e7faf" testName="BestiaBehemothClient.Tests.GrassLodTest.ZeroStrengthLeavesTheClumpsAlone" computerName="BIGBOSS" duration="00:00:00.0000783" startTime="2026-09-16T23:13:54.4057297+02:00" endTime="2026-09-16T23:13:54.4057297+02:00" testType="13cdc9d9-ddb5-4fa4-a97d-d965ccfc6d4b" outcome="Passed" testListId="8c84fa94-04c1-424b-9868-57a2d4851a1d" relativeResultsDirectory="0100994a-a6cd-443e-ac97-f2928d5d2e03" />
    <UnitTestResult executionId="1be9f32f-2dfc-4813-a89c-b9d902168bb2" testId="bacbd0d5-0da7-8f01-aa37-fb602535d241" testName="BestiaBehemothClient.Tests.BlockAppearanceTest.MaterialDrawsFromSlot(id: 17, slot: Soil)" computerName="BIGBOSS" duration="00:00:00.0000010" startTime="2026-09-16T23:13:54.4005790+02:00" endTime="2026-09-16T23:13:54.4005790+02:00" testType="13cdc9d9-ddb5-4fa4-a97d-d965ccfc6d4b" outcome="Passed" testListId="8c84fa94-04c1-424b-9868-57a2d4851a1d" relativeResultsDirectory="1be9f32f-2dfc-4813-a89c-b9d902168bb2" />
    <UnitTestResult executionId="ca90643b-f66d-4269-99bf-0343c5057a9e" testId="cc5099a2-9fa1-8060-07b5-fa110371b005" testName="BestiaBehemothClient.Tests.EnumNameTest.KeepsProtocsStrippedEnumPrefixStripped" computerName="BIGBOSS" duration="00:00:00.0000966" startTime="2026-09-16T23:13:54.4002604+02:00" endTime="2026-09-16T23:13:54.4002604+02:00" testType="13cdc9d9-ddb5-4fa4-a97d-d965ccfc6d4b" outcome="Passed" testListId="8c84fa94-04c1-424b-9868-57a2d4851a1d" relativeResultsDirectory="ca90643b-f66d-4269-99bf-0343c5057a9e" />
    <UnitTestResult executionId="8df94951-bcdd-4116-a411-d19138bc8b06" testId="fdcfa9dd-809a-5c3b-414e-95d9309bb9d7" testName="BestiaBehemothClient.Tests.NetLogTest.Detail_mode_reports_only_what_the_filter_allows" computerName="BIGBOSS" duration="00:00:00.0005548" startTime="2026-09-16T23:13:54.5199388+02:00" endTime="2026-09-16T23:13:54.5199389+02:00" testType="13cdc9d9-ddb5-4fa4-a97d-d965ccfc6d4b" outcome="Passed" testListId="8c84fa94-04c1-424b-9868-57a2d4851a1d" relativeResultsDirectory="8df94951-bcdd-4116-a411-d19138bc8b06" />
    <UnitTestResult executionId="d4ea1748-d7e9-4213-908a-e31c53bfc992" testId="a9e4bd25-f6c6-cb77-c1a6-a58f2f94b5df" testName="BestiaBehemothClient.Tests.SurfaceNetsTest.UniformChunkInUniformSurroundingsProducesNoMesh(block: 0, occupancy: 0)" computerName="BIGBOSS" duration="00:00:00.0069163" startTime="2026-09-16T23:13:54.4888117+02:00" endTime="2026-09-16T23:13:54.4888123+02:00" testType="13cdc9d9-ddb5-4fa4-a97d-d965ccfc6d4b" outcome="Passed" testListId="8c84fa94-04c1-424b-9868-57a2d4851a1d" relativeResultsDirectory="d4ea1748-d7e9-4213-908a-e31c53bfc992" />
    <UnitTestResult executionId="4cf07c89-b39b-42eb-9be0-b8e243e64d7f" testId="e8caf76d-5118-01f5-7c76-3fa85ff2dd0c" testName="BestiaBehemothClient.Tests.ChunkBandsTest.CaveLeavesAGapBetweenItsBands" computerName="BIGBOSS" duration="00:00:00.0078665" startTime="2026-09-16T23:13:54.4050399+02:00" endTime="2026-09-16T23:13:54.4050400+02:00" testType="13cdc9d9-ddb5-4fa4-a97d-d965ccfc6d4b" outcome="Passed" testListId="8c84fa94-04c1-424b-9868-57a2d4851a1d" relativeResultsDirectory="4cf07c89-b39b-42eb-9be0-b8e243e64d7f" />
    <UnitTestResult executionId="e6aec09d-426d-4842-a123-68cdd23c94e1" testId="6973d1ab-5320-fde3-df1b-d00bc13a2ea9" testName="BestiaBehemothClient.Tests.ChunkWrapTest.The_vertical_axis_is_never_folded" computerName="BIGBOSS" duration="00:00:00.0008083" startTime="2026-09-16T23:13:54.4015542+02:00" endTime="2026-09-16T23:13:54.4015542+02:00" testType="13cdc9d9-ddb5-4fa4-a97d-d965ccfc6d4b" outcome="Passed" testListId="8c84fa94-04c1-424b-9868-57a2d4851a1d" relativeResultsDirectory="e6aec09d-426d-4842-a123-68cdd23c94e1" />
    <UnitTestResult executionId="1028fc2c-867c-40ee-8f77-ff3e8151e7c0" testId="34aace2b-0d49-66a3-4e96-4ccaebb39c94" testName="BestiaBehemothClient.Tests.SurfaceNetsTest.LavaIsItsOwnSurfaceAndDoesNotMergeWithWater" computerName="BIGBOSS" duration="00:00:00.0207946" startTime="2026-09-16T23:13:54.5337899+02:00" endTime="2026-09-16T23:13:54.5337903+02:00" testType="13cdc9d9-ddb5-4fa4-a97d-d965ccfc6d4b" outcome="Passed" testListId="8c84fa94-04c1-424b-9868-57a2d4851a1d" relativeResultsDirectory="1028fc2c-867c-40ee-8f77-ff3e8151e7c0" />
    <UnitTestResult executionId="961605ef-633a-4fc4-8690-c417e0031aa8" testId="c2672fee-bfec-4489-e98f-99d5c55260b2" testName="BestiaBehemothClient.Tests.CarveVisibilityTest.ASphereAboveTheFloorDrawsAtRoughlyTwiceItsRadius(radius: 1,6000000000000001, atLeast: 2,1000000000000001)" computerName="BIGBOSS" duration="00:00:00.0039503" startTime="2026-09-16T23:13:54.4065515+02:00" endTime="2026-09-16T23:13:54.4065516+02:00" testType="13cdc9d9-ddb5-4fa4-a97d-d965ccfc6d4b" outcome="Passed" testListId="8c84fa94-04c1-424b-9868-57a2d4851a1d" relativeResultsDirectory="961605ef-633a-4fc4-8690-c417e0031aa8" />
    <UnitTestResult executionId="c0cc3520-1c8d-4d85-a451-6cb3aac75690" testId="2b8e240b-c2b1-528a-c269-bf9bf86a7bd7" testName="BestiaBehemothClient.Tests.BlockAppearanceTest.MaterialDrawsFromSlot(id: 20, slot: Rock)" computerName="BIGBOSS" duration="00:00:00.0000035" startTime="2026-09-16T23:13:54.4005381+02:00" endTime="2026-09-16T23:13:54.4005381+02:00" testType="13cdc9d9-ddb5-4fa4-a97d-d965ccfc6d4b" outcome="Passed" testListId="8c84fa94-04c1-424b-9868-57a2d4851a1d" relativeResultsDirectory="c0cc3520-1c8d-4d85-a451-6cb3aac75690" />
    <UnitTestResult executionId="6ec3108f-ea13-40b3-a326-e7eb44ee1a3f" testId="082d5d75-b4d5-b82b-ec90-e5d0376bd33a" testName="BestiaBehemothClient.Tests.SurfaceNetsTest.WindingMakesFlatGroundFrontFaceUpward" computerName="BIGBOSS" duration="00:00:00.0068044" startTime="2026-09-16T23:13:54.4441089+02:00" endTime="2026-09-16T23:13:54.4441090+02:00" testType="13cdc9d9-ddb5-4fa4-a97d-d965ccfc6d4b" outcome="Passed" testListId="8c84fa94-04c1-424b-9868-57a2d4851a1d" relativeResultsDirectory="6ec3108f-ea13-40b3-a326-e7eb44ee1a3f" />
    <UnitTestResult executionId="b26b7541-62fd-4d17-9775-c2ab8044d06d" testId="4ff0a2f2-e199-7af4-68ed-f83ee2902f97" testName="BestiaBehemothClient.Tests.GrassLodTest.TheDitherIsBoundedStableAndSpread" computerName="BIGBOSS" duration="00:00:00.0090712" startTime="2026-09-16T23:13:54.4054433+02:00" endTime="2026-09-16T23:13:54.4054433+02:00" testType="13cdc9d9-ddb5-4fa4-a97d-d965ccfc6d4b" outcome="Passed" testListId="8c84fa94-04c1-424b-9868-57a2d4851a1d" relativeResultsDirectory="b26b7541-62fd-4d17-9775-c2ab8044d06d" />
    <UnitTestResult executionId="edc3e8c3-4d54-4bd5-9d38-3a70e8b2f3e0" testId="5dfe64b7-90f9-3314-9cd1-2196c933874f" testName="BestiaBehemothClient.Tests.GrassLodTest.APointOutsideIsMeasuredToTheNearestFace" computerName="BIGBOSS" duration="00:00:00.0114651" startTime="2026-09-16T23:13:54.3728378+02:00" endTime="2026-09-16T23:13:54.3728379+02:00" testType="13cdc9d9-ddb5-4fa4-a97d-d965ccfc6d4b" outcome="Passed" testListId="8c84fa94-04c1-424b-9868-57a2d4851a1d" relativeResultsDirectory="edc3e8c3-4d54-4bd5-9d38-3a70e8b2f3e0" />
    <UnitTestResult executionId="71a36655-c502-45c3-91a5-3272541aa4ad" testId="2975baa9-4f9b-c759-0823-0f7984b8b413" testName="BestiaBehemothClient.Tests.SurfaceSlotTest.SlopedGroundIsMadeOfItsCapAndNotTheSoilUnderIt" computerName="BIGBOSS" duration="00:00:00.0215089" startTime="2026-09-16T23:13:54.5296027+02:00" endTime="2026-09-16T23:13:54.5296029+02:00" testType="13cdc9d9-ddb5-4fa4-a97d-d965ccfc6d4b" outcome="Passed" testListId="8c84fa94-04c1-424b-9868-57a2d4851a1d" relativeResultsDirectory="71a36655-c502-45c3-91a5-3272541aa4ad" />
    <UnitTestResult executionId="a3961ceb-4774-4429-be44-24d9ce6dc73f" testId="be1bbeac-b258-d5b4-0c70-d920c9cada14" testName="BestiaBehemothClient.Tests.SurfaceNetsTest.WaterIsASeparateSurfaceAboveTheTerrainSurface" computerName="BIGBOSS" duration="00:00:00.0596908" startTime="2026-09-16T23:13:54.4133273+02:00" endTime="2026-09-16T23:13:54.4133276+02:00" testType="13cdc9d9-ddb5-4fa4-a97d-d965ccfc6d4b" outcome="Passed" testListId="8c84fa94-04c1-424b-9868-57a2d4851a1d" relativeResultsDirectory="a3961ceb-4774-4429-be44-24d9ce6dc73f" />
    <UnitTestResult executionId="b70f7d3d-b789-4bd7-aa69-01dc537705d8" testId="e7962ec4-5057-c96f-2098-f2cec313a696" testName="BestiaBehemothClient.Tests.ChunkBandsTest.AFloorSeamExistsWhereWaterStandsOnRock" computerName="BIGBOSS" duration="00:00:00.0008138" startTime="2026-09-16T23:13:54.4029740+02:00" endTime="2026-09-16T23:13:54.4029741+02:00" testType="13cdc9d9-ddb5-4fa4-a97d-d965ccfc6d4b" outcome="Passed" testListId="8c84fa94-04c1-424b-9868-57a2d4851a1d" relativeResultsDirectory="b70f7d3d-b789-4bd7-aa69-01dc537705d8" />
    <UnitTestResult executionId="794da38b-d6f4-404c-9d07-01ba271be5ed" testId="e4f373c4-2c19-7f95-a648-35d7bd24d05e" testName="BestiaBehemothClient.Tests.SurfaceProbeTest.ReconstructsTheSubVoxelSurfaceOfFlatGround" computerName="BIGBOSS" duration="00:00:00.0046759" startTime="2026-09-16T23:13:54.4440732+02:00" endTime="2026-09-16T23:13:54.4440738+02:00" testType="13cdc9d9-ddb5-4fa4-a97d-d965ccfc6d4b" outcome="Passed" testListId="8c84fa94-04c1-424b-9868-57a2d4851a1d" relativeResultsDirectory="794da38b-d6f4-404c-9d07-01ba271be5ed" />
    <UnitTestResult executionId="2c5c62b9-f5c0-4fd2-b137-e4fcd5076169" testId="1c961155-0280-9a22-be0c-7dcd06977bba" testName="BestiaBehemothClient.Tests.WeatherLookTest.NothingFallsAsTwoThingsAtOnce" computerName="BIGBOSS" duration="00:00:00.0005129" startTime="2026-09-16T23:13:54.4048318+02:00" endTime="2026-09-16T23:13:54.4048319+02:00" testType="13cdc9d9-ddb5-4fa4-a97d-d965ccfc6d4b" outcome="Passed" testListId="8c84fa94-04c1-424b-9868-57a2d4851a1d" relativeResultsDirectory="2c5c62b9-f5c0-4fd2-b137-e4fcd5076169" />
    <UnitTestResult executionId="cd6f04a5-3e05-4870-ba4c-31ebdfa54b6f" testId="df24bb51-489b-4fa4-992d-77b4eb1188e7" testName="BestiaBehemothClient.Tests.CarveVisibilityTest.AOneVoxelWallBetweenTwoGalleriesIsDrawn" computerName="BIGBOSS" duration="00:00:00.0130163" startTime="2026-09-16T23:13:54.4455365+02:00" endTime="2026-09-16T23:13:54.4455366+02:00" testType="13cdc9d9-ddb5-4fa4-a97d-d965ccfc6d4b" outcome="Passed" testListId="8c84fa94-04c1-424b-9868-57a2d4851a1d" relativeResultsDirectory="cd6f04a5-3e05-4870-ba4c-31ebdfa54b6f" />
    <UnitTestResult executionId="9cbc2ce2-2a46-447f-91e4-45df85775e5a" testId="f0c9788c-7c22-a96e-ce7a-c0d494d800c5" testName="BestiaBehemothClient.Tests.ChunkBandsTest.AChangeOfMaterialWithinTheTerrainSurfaceIsNotABoundary" computerName="BIGBOSS" duration="00:00:00.0009472" startTime="2026-09-16T23:13:54.4028592+02:00" endTime="2026-09-16T23:13:54.4028592+02:00" testType="13cdc9d9-ddb5-4fa4-a97d-d965ccfc6d4b" outcome="Passed" testListId="8c84fa94-04c1-424b-9868-57a2d4851a1d" relativeResultsDirectory="9cbc2ce2-2a46-447f-91e4-45df85775e5a" />
    <UnitTestResult executionId="3a85510c-c8e0-45e6-9449-d1a22f789d40" testId="a7c6807a-9dc0-b3e8-a946-0595f1a1eed2" testName="BestiaBehemothClient.Tests.BlockAppearanceTest.EverySlotHasTheMaterialsItIsMeantTo" computerName="BIGBOSS" duration="00:00:00.0090513" startTime="2026-09-16T23:13:54.4054222+02:00" endTime="2026-09-16T23:13:54.4054222+02:00" testType="13cdc9d9-ddb5-4fa4-a97d-d965ccfc6d4b" outcome="Passed" testListId="8c84fa94-04c1-424b-9868-57a2d4851a1d" relativeResultsDirectory="3a85510c-c8e0-45e6-9449-d1a22f789d40" />
    <UnitTestResult executionId="74bf8a08-c9ba-405f-b30d-2bcf67802974" testId="cef14011-edbc-5b04-e08a-b1bffe6dbaef" testName="BestiaBehemothClient.Tests.WeatherLookTest.CloudDimsTheSunAndBrightensTheSky" computerName="BIGBOSS" duration="00:00:00.0003460" startTime="2026-09-16T23:13:54.4046597+02:00" endTime="2026-09-16T23:13:54.4046597+02:00" testType="13cdc9d9-ddb5-4fa4-a97d-d965ccfc6d4b" outcome="Passed" testListId="8c84fa94-04c1-424b-9868-57a2d4851a1d" relativeResultsDirectory="74bf8a08-c9ba-405f-b30d-2bcf67802974" />
    <UnitTestResult executionId="7593acb2-64fc-4e6c-bc86-1ce564ff56a8" testId="95ffd788-7e69-330b-cb57-c70cd1c09dfd" testName="BestiaBehemothClient.Tests.BlockAppearanceTest.MaterialDrawsFromSlot(id: 21, slot: Rock)" computerName="BIGBOSS" duration="00:00:00.0000010" startTime="2026-09-16T23:13:54.4007834+02:00" endTime="2026-09-16T23:13:54.4007834+02:00" testType="13cdc9d9-ddb5-4fa4-a97d-d965ccfc6d4b" outcome="Passed" testListId="8c84fa94-04c1-424b-9868-57a2d4851a1d" relativeResultsDirectory="7593acb2-64fc-4e6c-bc86-1ce564ff56a8" />
    <UnitTestResult executionId="2386e79e-66b8-426c-b12c-d34dd94ddb3b" testId="e27ef8a4-3f21-deaf-9524-f7229ad905a7" testName="BestiaBehemothClient.Tests.EnumNameTest.EveryErrorRowNamesAKnownCode" computerName="BIGBOSS" duration="00:00:00.0142675" startTime="2026-09-16T23:13:54.4024075+02:00" endTime="2026-09-16T23:13:54.4024075+02:00" testType="13cdc9d9-ddb5-4fa4-a97d-d965ccfc6d4b" outcome="Passed" testListId="8c84fa94-04c1-424b-9868-57a2d4851a1d" relativeResultsDirectory="2386e79e-66b8-426c-b12c-d34dd94ddb3b" />
    <UnitTestResult executionId="ad453179-b7be-461a-9334-42ea4e537814" testId="14ac0550-c211-f92c-aadf-1241bf467ed4" testName="BestiaBehemothClient.Tests.SurfaceNetsTest.AdjacentChunksTileWithoutOverlapOrGap" computerName="BIGBOSS" duration="00:00:00.0149973" startTime="2026-09-16T23:13:54.5488833+02:00" endTime="2026-09-16T23:13:54.5488840+02:00" testType="13cdc9d9-ddb5-4fa4-a97d-d965ccfc6d4b" outcome="Passed" testListId="8c84fa94-04c1-424b-9868-57a2d4851a1d" relativeResultsDirectory="ad453179-b7be-461a-9334-42ea4e537814" />
    <UnitTestResult executionId="b6740a1d-7821-4317-8a15-1e16cef6ff2b" testId="7472ee91-5cc5-6275-cd25-51f796e71689" testName="BestiaBehemothClient.Tests.TerrainSeamTest.Without_a_wrap_the_neighbour_past_the_edge_is_named_off_the_world" computerName="BIGBOSS" duration="00:00:00.0024495" startTime="2026-09-16T23:13:54.4051188+02:00" endTime="2026-09-16T23:13:54.4051188+02:00" testType="13cdc9d9-ddb5-4fa4-a97d-d965ccfc6d4b" outcome="Passed" testListId="8c84fa94-04c1-424b-9868-57a2d4851a1d" relativeResultsDirectory="b6740a1d-7821-4317-8a15-1e16cef6ff2b" />
    <UnitTestResult executionId="fa1e7a09-34e9-482d-9051-311e059934c1" testId="322f2187-99e5-e155-f954-4ef3cde3c03e" testName="BestiaBehemothClient.Tests.SurfaceNetsTest.ReconstructsFractionalSurfaceElevation(surface: 40,899999999999999)" computerName="BIGBOSS" duration="00:00:00.0070458" startTime="2026-09-16T23:13:54.4511903+02:00" endTime="2026-09-16T23:13:54.4511907+02:00" testType="13cdc9d9-ddb5-4fa4-a97d-d965ccfc6d4b" outcome="Passed" testListId="8c84fa94-04c1-424b-9868-57a2d4851a1d" relativeResultsDirectory="fa1e7a09-34e9-482d-9051-311e059934c1" />
    <UnitTestResult executionId="9bc0dbfc-f3ec-42fc-b2ff-a02fac1f3818" testId="8a9d08f3-989a-3a40-1718-15d671033dca" testName="BestiaBehemothClient.Tests.GrassLodTest.APointInsideTheBoxIsAtNoDistanceFromIt" computerName="BIGBOSS" duration="00:00:00.0000971" startTime="2026-09-16T23:13:54.4042322+02:00" endTime="2026-09-16T23:13:54.4042322+02:00" testType="13cdc9d9-ddb5-4fa4-a97d-d965ccfc6d4b" outcome="Passed" testListId="8c84fa94-04c1-424b-9868-57a2d4851a1d" relativeResultsDirectory="9bc0dbfc-f3ec-42fc-b2ff-a02fac1f3818" />
    <UnitTestResult executionId="382bdf0e-951d-41dd-b7b4-9175a8ecee48" testId="8be46765-6d18-4766-7f1a-88d2c0fc342a" testName="BestiaBehemothClient.Tests.GrassLodTest.ZoomingInsideTheReferenceLeavesTheBandAlone" computerName="BIGBOSS" duration="00:00:00.0000654" startTime="2026-09-16T23:13:54.4009959+02:00" endTime="2026-09-16T23:13:54.4009959+02:00" testType="13cdc9d9-ddb5-4fa4-a97d-d965ccfc6d4b" outcome="Passed" testListId="8c84fa94-04c1-424b-9868-57a2d4851a1d" relativeResultsDirectory="382bdf0e-951d-41dd-b7b4-9175a8ecee48" />
    <UnitTestResult executionId="06d5cc9f-c658-47cb-ac32-106d9f9eed51" testId="842b94ea-07f9-deea-020f-24f91ac19977" testName="BestiaBehemothClient.Tests.NetLogTest.A_flushed_window_lets_the_detail_lines_start_again" computerName="BIGBOSS" duration="00:00:00.0055515" startTime="2026-09-16T23:13:54.5171388+02:00" endTime="2026-09-16T23:13:54.5171388+02:00" testType="13cdc9d9-ddb5-4fa4-a97d-d965ccfc6d4b" outcome="Passed" testListId="8c84fa94-04c1-424b-9868-57a2d4851a1d" relativeResultsDirectory="06d5cc9f-c658-47cb-ac32-106d9f9eed51" />
    <UnitTestResult executionId="29657f01-5ce8-4565-a0b7-27e95bca2393" testId="37c5beff-776e-3d17-9cec-b9500bdd927c" testName="BestiaBehemothClient.Tests.SurfaceNetsTest.UniformChunkInUniformSurroundingsProducesNoMesh(block: 4, occupancy: 255)" computerName="BIGBOSS" duration="00:00:00.0062996" startTime="2026-09-16T23:13:54.4951804+02:00" endTime="2026-09-16T23:13:54.4951807+02:00" testType="13cdc9d9-ddb5-4fa4-a97d-d965ccfc6d4b" outcome="Passed" testListId="8c84fa94-04c1-424b-9868-57a2d4851a1d" relativeResultsDirectory="29657f01-5ce8-4565-a0b7-27e95bca2393" />
    <UnitTestResult executionId="5e35e8c7-cde4-4e46-8fb8-f7d45ec3418c" testId="6581042c-29da-f49a-ee9d-c65c384674c3" testName="BestiaBehemothClient.Tests.GrassLodTest.AppearRisesToOneAndStops" computerName="BIGBOSS" duration="00:00:00.0001822" startTime="2026-09-16T23:13:54.4008485+02:00" endTime="2026-09-16T23:13:54.4008486+02:00" testType="13cdc9d9-ddb5-4fa4-a97d-d965ccfc6d4b" outcome="Passed" testListId="8c84fa94-04c1-424b-9868-57a2d4851a1d" relativeResultsDirectory="5e35e8c7-cde4-4e46-8fb8-f7d45ec3418c" />
[...]
    <TestEntry testId="b22fe078-bcd6-9445-d800-3e0759172926" executionId="e9155844-8411-4e63-9c8e-a3aabda9a5da" testListId="8c84fa94-04c1-424b-9868-57a2d4851a1d" />
    <TestEntry testId="48370f10-a465-355d-d69f-80314b0ef205" executionId="322ef94d-a408-4cbf-8745-f242033cf62d" testListId="8c84fa94-04c1-424b-9868-57a2d4851a1d" />
    <TestEntry testId="839223f1-84fd-f50f-3b30-9229b01caf03" executionId="feb934b5-b25f-4dfe-835e-f9104299ec16" testListId="8c84fa94-04c1-424b-9868-57a2d4851a1d" />
    <TestEntry testId="6e9b7d9f-7449-f52f-bdf3-7a8d76f47359" executionId="c75168d2-76c9-4025-bf2d-e837bb47c65d" testListId="8c84fa94-04c1-424b-9868-57a2d4851a1d" />
    <TestEntry testId="eba54425-5d5e-3b52-bce1-6325e1edacfc" executionId="b7686d10-76cf-4ee0-8031-e873526903c1" testListId="8c84fa94-04c1-424b-9868-57a2d4851a1d" />
    <TestEntry testId="98728728-6f21-58e8-9888-ba8d051fce8a" executionId="b1b78ca1-3893-4f49-935f-26c457b8c0c2" testListId="8c84fa94-04c1-424b-9868-57a2d4851a1d" />
    <TestEntry testId="37516f88-a30c-745b-d6d1-385e813fba74" executionId="e1fa8ef6-3a31-4b13-aed1-bc3c0bfb6101" testListId="8c84fa94-04c1-424b-9868-57a2d4851a1d" />
    <TestEntry testId="fe5e35af-8c9f-1a11-cde2-b17a0f4c2daa" executionId="c95e287e-7230-4a33-b29f-fd4dfc8ed589" testListId="8c84fa94-04c1-424b-9868-57a2d4851a1d" />
    <TestEntry testId="1b92b917-a09f-0b58-a973-17c88d71d12c" executionId="c0e72d87-8b5d-4757-b22f-7754a86746b7" testListId="8c84fa94-04c1-424b-9868-57a2d4851a1d" />
    <TestEntry testId="13b2f54c-ded7-4f6b-0fc9-b4473a28b0ab" executionId="6d96b7d5-9952-48f9-aee1-30ec6d57aed7" testListId="8c84fa94-04c1-424b-9868-57a2d4851a1d" />
    <TestEntry testId="5cac1ea0-75bd-428c-bb12-b2cf7b2f6437" executionId="79394cb9-2843-42c5-99c2-c2884de894cb" testListId="8c84fa94-04c1-424b-9868-57a2d4851a1d" />
    <TestEntry testId="017e77ee-a889-6010-60b6-9ce975cd08d0" executionId="ed0aaa2c-2a57-49c2-b3f6-21a217cfaa1b" testListId="8c84fa94-04c1-424b-9868-57a2d4851a1d" />
    <TestEntry testId="19ff0fa7-b310-1325-0c19-7d3df7484dab" executionId="5e766dce-8623-4280-b5f4-531d140e96e0" testListId="8c84fa94-04c1-424b-9868-57a2d4851a1d" />
    <TestEntry testId="92148580-af11-9318-de3e-8322041e2d3c" executionId="39321ca2-610b-4d4d-a3f9-9205e9bc9ed3" testListId="8c84fa94-04c1-424b-9868-57a2d4851a1d" />
    <TestEntry testId="f8462485-598f-531c-c871-543788d06a94" executionId="ca2b8d6e-43a3-4775-aaee-b8e909d6d741" testListId="8c84fa94-04c1-424b-9868-57a2d4851a1d" />
    <TestEntry testId="b7e57221-6e58-e219-2500-999ca770794f" executionId="06954697-7f4a-4481-9b2c-bdf0239e861b" testListId="8c84fa94-04c1-424b-9868-57a2d4851a1d" />
    <TestEntry testId="50441010-fa8b-52d4-62b8-82d5819d3c53" executionId="4fe930e5-1a16-4873-9995-f048ca8ea14c" testListId="8c84fa94-04c1-424b-9868-57a2d4851a1d" />
    <TestEntry testId="b4aaec17-b6f8-79f6-1da1-bf87af902486" executionId="c95e9512-30f7-4971-acd2-bf17dfae033e" testListId="8c84fa94-04c1-424b-9868-57a2d4851a1d" />
    <TestEntry testId="0205b6b4-da9b-51c3-721f-fd09dd9f9e4f" executionId="db1bf617-8338-40a8-bee2-36f18c15115d" testListId="8c84fa94-04c1-424b-9868-57a2d4851a1d" />
    <TestEntry testId="b025576c-37e3-aa15-e834-75d91fd7a21a" executionId="32c34aa0-cf6e-46f9-b855-ac80a581992c" testListId="8c84fa94-04c1-424b-9868-57a2d4851a1d" />
    <TestEntry testId="d8e85ae2-6238-8df5-40a7-7274262f4a31" executionId="e8dd5125-cbb5-4d54-8f73-fdc0b37d9329" testListId="8c84fa94-04c1-424b-9868-57a2d4851a1d" />
    <TestEntry testId="34711d8c-55db-77b7-42c3-ed52c91f4d3f" executionId="45ce08db-a4c1-4970-9e38-41e4b0ef3f0e" testListId="8c84fa94-04c1-424b-9868-57a2d4851a1d" />
    <TestEntry testId="cc8444eb-3158-1477-a16e-8d5bede3e45e" executionId="6fcc4df5-fb36-4bf5-b12d-0054f0634b08" testListId="8c84fa94-04c1-424b-9868-57a2d4851a1d" />
    <TestEntry testId="9f6dfbe5-bcfa-2452-0b42-429b072839c1" executionId="b76d3c27-f42e-4351-be6e-e5f34d685dff" testListId="8c84fa94-04c1-424b-9868-57a2d4851a1d" />
    <TestEntry testId="f6c87c56-4c9c-9f74-650c-57d7fa016ae4" executionId="c3e5f791-02db-4d6e-ab46-f32b6b33aeca" testListId="8c84fa94-04c1-424b-9868-57a2d4851a1d" />
    <TestEntry testId="5eb617c3-39eb-1261-ecaa-e109274adc35" executionId="7bc39f1e-ce66-4652-8c13-890cf8aeae30" testListId="8c84fa94-04c1-424b-9868-57a2d4851a1d" />
    <TestEntry testId="ba186190-2575-8a63-bbe1-1fd4214e7faf" executionId="0100994a-a6cd-443e-ac97-f2928d5d2e03" testListId="8c84fa94-04c1-424b-9868-57a2d4851a1d" />
    <TestEntry testId="bacbd0d5-0da7-8f01-aa37-fb602535d241" executionId="1be9f32f-2dfc-4813-a89c-b9d902168bb2" testListId="8c84fa94-04c1-424b-9868-57a2d4851a1d" />
    <TestEntry testId="cc5099a2-9fa1-8060-07b5-fa110371b005" executionId="ca90643b-f66d-4269-99bf-0343c5057a9e" testListId="8c84fa94-04c1-424b-9868-57a2d4851a1d" />
    <TestEntry testId="fdcfa9dd-809a-5c3b-414e-95d9309bb9d7" executionId="8df94951-bcdd-4116-a411-d19138bc8b06" testListId="8c84fa94-04c1-424b-9868-57a2d4851a1d" />
    <TestEntry testId="a9e4bd25-f6c6-cb77-c1a6-a58f2f94b5df" executionId="d4ea1748-d7e9-4213-908a-e31c53bfc992" testListId="8c84fa94-04c1-424b-9868-57a2d4851a1d" />
    <TestEntry testId="e8caf76d-5118-01f5-7c76-3fa85ff2dd0c" executionId="4cf07c89-b39b-42eb-9be0-b8e243e64d7f" testListId="8c84fa94-04c1-424b-9868-57a2d4851a1d" />
    <TestEntry testId="6973d1ab-5320-fde3-df1b-d00bc13a2ea9" executionId="e6aec09d-426d-4842-a123-68cdd23c94e1" testListId="8c84fa94-04c1-424b-9868-57a2d4851a1d" />
    <TestEntry testId="34aace2b-0d49-66a3-4e96-4ccaebb39c94" executionId="1028fc2c-867c-40ee-8f77-ff3e8151e7c0" testListId="8c84fa94-04c1-424b-9868-57a2d4851a1d" />
    <TestEntry testId="c2672fee-bfec-4489-e98f-99d5c55260b2" executionId="961605ef-633a-4fc4-8690-c417e0031aa8" testListId="8c84fa94-04c1-424b-9868-57a2d4851a1d" />
    <TestEntry testId="2b8e240b-c2b1-528a-c269-bf9bf86a7bd7" executionId="c0cc3520-1c8d-4d85-a451-6cb3aac75690" testListId="8c84fa94-04c1-424b-9868-57a2d4851a1d" />
    <TestEntry testId="082d5d75-b4d5-b82b-ec90-e5d0376bd33a" executionId="6ec3108f-ea13-40b3-a326-e7eb44ee1a3f" testListId="8c84fa94-04c1-424b-9868-57a2d4851a1d" />
    <TestEntry testId="4ff0a2f2-e199-7af4-68ed-f83ee2902f97" executionId="b26b7541-62fd-4d17-9775-c2ab8044d06d" testListId="8c84fa94-04c1-424b-9868-57a2d4851a1d" />
    <TestEntry testId="5dfe64b7-90f9-3314-9cd1-2196c933874f" executionId="edc3e8c3-4d54-4bd5-9d38-3a70e8b2f3e0" testListId="8c84fa94-04c1-424b-9868-57a2d4851a1d" />
    <TestEntry testId="2975baa9-4f9b-c759-0823-0f7984b8b413" executionId="71a36655-c502-45c3-91a5-3272541aa4ad" testListId="8c84fa94-04c1-424b-9868-57a2d4851a1d" />
    <TestEntry testId="be1bbeac-b258-d5b4-0c70-d920c9cada14" executionId="a3961ceb-4774-4429-be44-24d9ce6dc73f" testListId="8c84fa94-04c1-424b-9868-57a2d4851a1d" />
    <TestEntry testId="e7962ec4-5057-c96f-2098-f2cec313a696" executionId="b70f7d3d-b789-4bd7-aa69-01dc537705d8" testListId="8c84fa94-04c1-424b-9868-57a2d4851a1d" />
    <TestEntry testId="e4f373c4-2c19-7f95-a648-35d7bd24d05e" executionId="794da38b-d6f4-404c-9d07-01ba271be5ed" testListId="8c84fa94-04c1-424b-9868-57a2d4851a1d" />
    <TestEntry testId="1c961155-0280-9a22-be0c-7dcd06977bba" executionId="2c5c62b9-f5c0-4fd2-b137-e4fcd5076169" testListId="8c84fa94-04c1-424b-9868-57a2d4851a1d" />
    <TestEntry testId="df24bb51-489b-4fa4-992d-77b4eb1188e7" executionId="cd6f04a5-3e05-4870-ba4c-31ebdfa54b6f" testListId="8c84fa94-04c1-424b-9868-57a2d4851a1d" />
    <TestEntry testId="f0c9788c-7c22-a96e-ce7a-c0d494d800c5" executionId="9cbc2ce2-2a46-447f-91e4-45df85775e5a" testListId="8c84fa94-04c1-424b-9868-57a2d4851a1d" />
    <TestEntry testId="a7c6807a-9dc0-b3e8-a946-0595f1a1eed2" executionId="3a85510c-c8e0-45e6-9449-d1a22f789d40" testListId="8c84fa94-04c1-424b-9868-57a2d4851a1d" />
    <TestEntry testId="cef14011-edbc-5b04-e08a-b1bffe6dbaef" executionId="74bf8a08-c9ba-405f-b30d-2bcf67802974" testListId="8c84fa94-04c1-424b-9868-57a2d4851a1d" />
    <TestEntry testId="95ffd788-7e69-330b-cb57-c70cd1c09dfd" executionId="7593acb2-64fc-4e6c-bc86-1ce564ff56a8" testListId="8c84fa94-04c1-424b-9868-57a2d4851a1d" />
    <TestEntry testId="e27ef8a4-3f21-deaf-9524-f7229ad905a7" executionId="2386e79e-66b8-426c-b12c-d34dd94ddb3b" testListId="8c84fa94-04c1-424b-9868-57a2d4851a1d" />
    <TestEntry testId="14ac0550-c211-f92c-aadf-1241bf467ed4" executionId="ad453179-b7be-461a-9334-42ea4e537814" testListId="8c84fa94-04c1-424b-9868-57a2d4851a1d" />
    <TestEntry testId="7472ee91-5cc5-6275-cd25-51f796e71689" executionId="b6740a1d-7821-4317-8a15-1e16cef6ff2b" testListId="8c84fa94-04c1-424b-9868-57a2d4851a1d" />
    <TestEntry testId="322f2187-99e5-e155-f954-4ef3cde3c03e" executionId="fa1e7a09-34e9-482d-9051-311e059934c1" testListId="8c84fa94-04c1-424b-9868-57a2d4851a1d" />
    <TestEntry testId="8a9d08f3-989a-3a40-1718-15d671033dca" executionId="9bc0dbfc-f3ec-42fc-b2ff-a02fac1f3818" testListId="8c84fa94-04c1-424b-9868-57a2d4851a1d" />
    <TestEntry testId="8be46765-6d18-4766-7f1a-88d2c0fc342a" executionId="382bdf0e-951d-41dd-b7b4-9175a8ecee48" testListId="8c84fa94-04c1-424b-9868-57a2d4851a1d" />
    <TestEntry testId="842b94ea-07f9-deea-020f-24f91ac19977" executionId="06d5cc9f-c658-47cb-ac32-106d9f9eed51" testListId="8c84fa94-04c1-424b-9868-57a2d4851a1d" />
    <TestEntry testId="37c5beff-776e-3d17-9cec-b9500bdd927c" executionId="29657f01-5ce8-4565-a0b7-27e95bca2393" testListId="8c84fa94-04c1-424b-9868-57a2d4851a1d" />
    <TestEntry testId="6581042c-29da-f49a-ee9d-c65c384674c3" executionId="5e35e8c7-cde4-4e46-8fb8-f7d45ec3418c" testListId="8c84fa94-04c1-424b-9868-57a2d4851a1d" />
    <TestEntry testId="96694865-4e4d-a757-50f3-4e4d1620df73" executionId="75d97c36-d975-48f5-929e-6dfd85305187" testListId="8c84fa94-04c1-424b-9868-57a2d4851a1d" />
    <TestEntry testId="5820e3f3-6fbf-c892-64ed-7fb25e048eb5" executionId="ce513558-eece-4194-a886-6c5a5c37410f" testListId="8c84fa94-04c1-424b-9868-57a2d4851a1d" />
    <TestEntry testId="13c8ab0d-e6fd-7a3b-2eeb-46648a298175" executionId="287080ce-179b-43ef-8be3-e1913332e899" testListId="8c84fa94-04c1-424b-9868-57a2d4851a1d" />
    <TestEntry testId="66747f3c-ce5f-dbd6-a45d-25eb33655549" executionId="74c6dddc-0f5e-437b-b3eb-ab282c896aa2" testListId="8c84fa94-04c1-424b-9868-57a2d4851a1d" />
    <TestEntry testId="49959dba-e96d-a7ac-7e2c-a9c318038794" executionId="ed65007f-2ff6-4a3a-9347-e4dcf9a566d6" testListId="8c84fa94-04c1-424b-9868-57a2d4851a1d" />
    <TestEntry testId="a4f69d07-25ea-be62-b24b-c5861d3956e1" executionId="658847fb-bb60-4bcd-aa95-24dacd0a35a1" testListId="8c84fa94-04c1-424b-9868-57a2d4851a1d" />
    <TestEntry testId="f419e564-520e-c21c-8424-ab5aca217110" executionId="8c45fa7d-6e71-42c9-8f13-4096cc24447c" testListId="8c84fa94-04c1-424b-9868-57a2d4851a1d" />
    <TestEntry testId="6720e70b-af27-968c-cc15-d5649f6ee755" executionId="c8811225-f358-419f-935c-5f01a4b00558" testListId="8c84fa94-04c1-424b-9868-57a2d4851a1d" />
    <TestEntry testId="ec388c69-186a-66ad-6a98-ad0fd4fb7dc4" executionId="2ab2b115-b061-44ed-b25f-6c95a5803283" testListId="8c84fa94-04c1-424b-9868-57a2d4851a1d" />
    <TestEntry testId="85333996-4913-01cc-f624-ec168efe31b9" executionId="fb3a0b07-4998-41a4-b01e-e41bb4bb09aa" testListId="8c84fa94-04c1-424b-9868-57a2d4851a1d" />
    <TestEntry testId="897f89a5-83c0-8833-5041-2c8c749f36fc" executionId="d8009729-59eb-4772-8373-f0eadc50bc91" testListId="8c84fa94-04c1-424b-9868-57a2d4851a1d" />
    <TestEntry testId="059e6d52-23dc-20bb-9f00-928d64c563c8" executionId="d559142f-684e-4c07-ba4b-8377189b588f" testListId="8c84fa94-04c1-424b-9868-57a2d4851a1d" />
    <TestEntry testId="80dc05ac-136d-e9a4-1618-46454b504cbc" executionId="5ff1fe36-aba3-423c-986e-b1283d48beae" testListId="8c84fa94-04c1-424b-9868-57a2d4851a1d" />
    <TestEntry testId="66ecc504-cd70-8cf1-8170-62e88b0f4cb5" executionId="1fb3e4aa-095d-4cbb-b020-af9909631568" testListId="8c84fa94-04c1-424b-9868-57a2d4851a1d" />
    <TestEntry testId="8c98af27-85a3-f584-f9ff-8263b79873de" executionId="27b99d2e-8a41-41a9-b47e-e45ee7d0f43b" testListId="8c84fa94-04c1-424b-9868-57a2d4851a1d" />
    <TestEntry testId="b6cff0f1-8d50-1f18-4335-be27a77bfa9b" executionId="3118b255-548c-463b-b3ac-5cfe47e03f24" testListId="8c84fa94-04c1-424b-9868-57a2d4851a1d" />
    <TestEntry testId="98846d5b-f6c3-e156-f507-5a28daa1fb5b" executionId="7139121a-911b-462c-992c-69d14cb06810" testListId="8c84fa94-04c1-424b-9868-57a2d4851a1d" />
    <TestEntry testId="9818bfc1-8f27-14a3-7d82-d2423fa50f1b" executionId="1ac99629-a49b-4cb1-a9f4-be616ca7a164" testListId="8c84fa94-04c1-424b-9868-57a2d4851a1d" />
    <TestEntry testId="74ab5663-c667-43fb-9c86-294003e2219f" executionId="9cfa4750-3dc9-466f-9758-a47c976aa408" testListId="8c84fa94-04c1-424b-9868-57a2d4851a1d" />
    <TestEntry testId="4deefdb5-7cc1-7700-865e-f6e88ef8f6f0" executionId="36960f5e-558d-48ff-b911-6adafb12da5d" testListId="8c84fa94-04c1-424b-9868-57a2d4851a1d" />
    <TestEntry testId="f2c18ca3-1bca-27d5-5e40-3d95660f8eb8" executionId="f95b67f4-106a-4db3-bcd8-e4896d03e7e0" testListId="8c84fa94-04c1-424b-9868-57a2d4851a1d" />
    <TestEntry testId="23de317f-4d41-e618-fdca-e368f36e561f" executionId="8cf6ee48-4c59-4ada-bea7-748b9229b031" testListId="8c84fa94-04c1-424b-9868-57a2d4851a1d" />
    <TestEntry testId="bab86ebd-8aba-0ed8-c04e-1100c6b79b30" executionId="a52b8cd4-15e3-459b-87ed-5e025ecdbbb3" testListId="8c84fa94-04c1-424b-9868-57a2d4851a1d" />
    <TestEntry testId="5f36e0f2-462a-585c-e409-1085d39f3ef1" executionId="443811b2-fa83-409e-bd8f-9db5b9c9e512" testListId="8c84fa94-04c1-424b-9868-57a2d4851a1d" />
    <TestEntry testId="c24d9a81-5162-c4e3-0793-9f40fde447d4" executionId="7c502cda-668c-4560-be87-45164e7ed737" testListId="8c84fa94-04c1-424b-9868-57a2d4851a1d" />
    <TestEntry testId="bbf10f11-cc89-0b73-c022-ea51aba2239a" executionId="df4b9898-2089-4df3-99ae-d805b630ea10" testListId="8c84fa94-04c1-424b-9868-57a2d4851a1d" />
    <TestEntry testId="a21d46ad-3241-5b5e-415c-43e9179e36f5" executionId="5a894ca1-7f46-4d3b-95af-d342c41828dc" testListId="8c84fa94-04c1-424b-9868-57a2d4851a1d" />
    <TestEntry testId="3b8d9261-d04e-7ff8-c834-2a88af38c417" executionId="3b34b79b-fe3a-4d2a-a7cf-675fa120efba" testListId="8c84fa94-04c1-424b-9868-57a2d4851a1d" />
    <TestEntry testId="9eb71ef5-6383-d8b7-11c4-b754595b37a0" executionId="ec97678b-183d-4cd6-8ae2-78fbf029cc94" testListId="8c84fa94-04c1-424b-9868-57a2d4851a1d" />
    <TestEntry testId="98d3a5f7-0e8f-cecb-f307-3920c4460fd6" executionId="867a82a4-2d00-4ebe-a855-4f3a5d65e557" testListId="8c84fa94-04c1-424b-9868-57a2d4851a1d" />
    <TestEntry testId="2dc47b76-c013-ebb9-ccbd-2d3af05e1223" executionId="f01bb5d0-77f1-4c8b-a5cf-488f312e6a01" testListId="8c84fa94-04c1-424b-9868-57a2d4851a1d" />
    <TestEntry testId="8fdb315f-7a04-aea9-124f-c8a81c927646" executionId="4ac5943c-bb5a-4e0e-ac93-fddbd9e1e2b6" testListId="8c84fa94-04c1-424b-9868-57a2d4851a1d" />
    <TestEntry testId="931362da-2345-429a-50df-2ef48ebeb65b" executionId="37b77000-1db6-491e-b5c2-832778544daf" testListId="8c84fa94-04c1-424b-9868-57a2d4851a1d" />
    <TestEntry testId="e444e69f-c4fd-4b28-dc3b-8a1075182cdc" executionId="94764a6c-0213-4f0b-9800-e0615b9f671a" testListId="8c84fa94-04c1-424b-9868-57a2d4851a1d" />
    <TestEntry testId="d6369099-76cf-3306-04e8-cc5082ef4adb" executionId="a31abefc-8b66-4a57-a2a7-1267298ca95f" testListId="8c84fa94-04c1-424b-9868-57a2d4851a1d" />
    <TestEntry testId="1ef7ca5c-ec7c-3cd9-b945-24dac1a2c408" executionId="b54c90cb-5cc5-4be0-bf43-e4b11ad2d084" testListId="8c84fa94-04c1-424b-9868-57a2d4851a1d" />
    <TestEntry testId="faf0fe1a-edc7-83bd-6f2a-eb8fa4ea8ea4" executionId="91989d5b-808b-4aa3-b2a7-60c71831a162" testListId="8c84fa94-04c1-424b-9868-57a2d4851a1d" />
    <TestEntry testId="ce0ee6cb-a016-8b0e-7794-20d0a1c09c0d" executionId="f216a393-b6ac-442e-92cd-7a6c39e6040d" testListId="8c84fa94-04c1-424b-9868-57a2d4851a1d" />
    <TestEntry testId="f1d9e890-96da-2caf-a4aa-98cc40091881" executionId="9a8cb01c-48b7-431e-8306-eb067d560695" testListId="8c84fa94-04c1-424b-9868-57a2d4851a1d" />
    <TestEntry testId="5d0bf171-f08c-5400-dfab-1e7f820c2883" executionId="264f43cd-bae3-474b-84c9-2046b6870b4b" testListId="8c84fa94-04c1-424b-9868-57a2d4851a1d" />
    <TestEntry testId="96836886-903d-9ae7-bde9-d0a5264908d4" executionId="841366bd-b9c5-4678-9350-e38ec5959077" testListId="8c84fa94-04c1-424b-9868-57a2d4851a1d" />
    <TestEntry testId="744dd390-1677-c82e-36c4-8b333330b05b" executionId="e055e73a-1c63-423a-ab20-bcf6d48c54d4" testListId="8c84fa94-04c1-424b-9868-57a2d4851a1d" />
    <TestEntry testId="2a75fe3d-cf66-33a1-5868-ee60c64807be" executionId="7ed2559f-1752-4f96-a918-2358feb017cf" testListId="8c84fa94-04c1-424b-9868-57a2d4851a1d" />
    <TestEntry testId="c6f9a6ac-539a-f2e0-8ce9-ee9e68e17b99" executionId="34faa6e1-daa9-478f-aa86-b904d1f88fa8" testListId="8c84fa94-04c1-424b-9868-57a2d4851a1d" />
    <TestEntry testId="b8a71b36-99a8-0cd4-24ea-049614e525c2" executionId="c717638f-8a86-4b9d-920f-6f734c05d0ae" testListId="8c84fa94-04c1-424b-9868-57a2d4851a1d" />
    <TestEntry testId="766c6baa-5106-2652-6395-65b9c91d4906" executionId="1f073248-5939-4c9f-bd0e-1f93ceec436f" testListId="8c84fa94-04c1-424b-9868-57a2d4851a1d" />
    <TestEntry testId="15669ff3-d1e3-53c3-0c00-82d324269fc3" executionId="b798c82b-3ab4-4533-a72c-8b43b56c32cc" testListId="8c84fa94-04c1-424b-9868-57a2d4851a1d" />
    <TestEntry testId="76f3bdb0-77b2-c346-2a77-b6402826ba2e" executionId="80d94aab-ef24-4336-be09-d39d62bfd04b" testListId="8c84fa94-04c1-424b-9868-57a2d4851a1d" />
    <TestEntry testId="4aa14a16-890b-d609-05a6-566eeb955560" executionId="f87194bf-7b8c-4a89-9b17-0bbb7e94d12c" testListId="8c84fa94-04c1-424b-9868-57a2d4851a1d" />
    <TestEntry testId="2fdf2511-883f-bddc-6d04-55aff4944839" executionId="0905fbbf-4308-4852-b8f2-39dba8106488" testListId="8c84fa94-04c1-424b-9868-57a2d4851a1d" />
  </TestEntries>
  <TestLists>
    <TestList name="Results Not in a List" id="8c84fa94-04c1-424b-9868-57a2d4851a1d" />
    <TestList name="All Loaded Results" id="19431567-8539-422a-85d7-44ee4e166bda" />
  </TestLists>
  <ResultSummary outcome="Failed">
    <Counters total="196" executed="196" passed="195" failed="1" error="0" timeout="0" aborted="0" inconclusive="0" passedButRunAborted="0" notRunnable="0" notExecuted="0" disconnected="0" warning="0" completed="0" inProgress="0" pending="0" />
    <Output>
      <StdOut>[xUnit.net 00:00:00.00] xUnit.net VSTest Adapter v2.8.2+699d445a1a (64-bit .NET 8.0.24)&#xD;
[xUnit.net 00:00:00.05]   Discovering: BestiaClient.Tests&#xD;
[xUnit.net 00:00:00.09]   Discovered:  BestiaClient.Tests&#xD;
[xUnit.net 00:00:00.09]   Starting:    BestiaClient.Tests&#xD;
[xUnit.net 00:00:00.98]       5,51 ms per chunk is well past the expected ~2 ms&#xD;
[xUnit.net 00:00:00.98]       Stack Trace:&#xD;
[xUnit.net 00:00:00.98]         C:\Users\Thomas\workspace\bestia-behemoth\bestia-client\tests\BestiaClient.Tests\MeshThroughputTest.cs(98,0): at BestiaBehemothClient.Tests.MeshThroughputTest.MeshesAViewVolumeWithinBudget()&#xD;
[xUnit.net 00:00:00.98]            at System.RuntimeMethodHandle.InvokeMethod(Object target, Void** arguments, Signature sig, Boolean isConstructor)&#xD;
[xUnit.net 00:00:00.98]            at System.Reflection.MethodBaseInvoker.InvokeWithNoArgs(Object obj, BindingFlags invokeAttr)&#xD;
[xUnit.net 00:00:00.98]       Output:&#xD;
[xUnit.net 00:00:00.98]         view volume: 121 chunks, 121 with geometry&#xD;
[xUnit.net 00:00:00.98]         single-threaded total 667,2 ms, 5,51 ms per meshed chunk&#xD;
[xUnit.net 00:00:00.98]         476976 triangles for the whole view&#xD;
[xUnit.net 00:00:01.07]   Finished:    BestiaClient.Tests&#xD;
</StdOut>
    </Output>
    <RunInfos>
      <RunInfo computerName="BIGBOSS" outcome="Error" timestamp="2026-09-16T23:13:55.2150324+02:00">
        <Text>[xUnit.net 00:00:00.98]     BestiaBehemothClient.Tests.MeshThroughputTest.MeshesAViewVolumeWithinBudget [FAIL]</Text>
      </RunInfo>
    </RunInfos>
  </ResultSummary>
</TestRun>